生成启动时间为 2013/7/18 11:48:33。
     1>项目“D:\Work\duilib\UIDesigner\UIDesigner.vcxproj”在节点 3 上(rebuild 个目标)。
     1>_PrepareForClean:
         正在删除文件“UnicodeDebug\UIDesigner.lastbuildstate”。
     1>C:\Program Files\MSBuild\Microsoft.Cpp\v4.0\Microsoft.CppBuild.targets(299,5): warning MSB8004: Output 目录未以斜杠结尾。此生成实例将添加斜杠，因为必须有这个斜杠才能正确计算 Output 目录。
       InitializeBuildStatus:
         正在创建“UnicodeDebug\UIDesigner.unsuccessfulbuild”，因为已指定“AlwaysCreate”。
       ClCompile:
         C:\Program Files\Microsoft Visual Studio 10.0\VC\bin\CL.exe /c /I.\third_party\tinyxml /Zi /nologo /W3 /WX- /Od /Oy- /D WIN32 /D _WINDOWS /D _DEBUG /D _UNICODE /D UNICODE /D _AFXDLL /Gm /EHsc /RTC1 /MDd /GS /fp:precise /Zc:wchar_t /Zc:forScope /Yc"StdAfx.h" /Fp"UnicodeDebug\UIDesigner.pch" /Fo"UnicodeDebug\\" /Fd"UnicodeDebug\vc100.pdb" /Gd /TP /wd4996 /analyze- /errorReport:prompt stdafx.cpp
         stdafx.cpp
         C:\Program Files\Microsoft Visual Studio 10.0\VC\bin\CL.exe /c /I.\third_party\tinyxml /Zi /nologo /W3 /WX- /Od /Oy- /D WIN32 /D _WINDOWS /D _DEBUG /D _UNICODE /D UNICODE /D _AFXDLL /Gm /EHsc /RTC1 /MDd /GS /fp:precise /Zc:wchar_t /Zc:forScope /Yu"StdAfx.h" /Fp"UnicodeDebug\UIDesigner.pch" /Fo"UnicodeDebug\\" /Fd"UnicodeDebug\vc100.pdb" /Gd /TP /wd4996 /analyze- /errorReport:prompt ChildFrm.cpp ClassView.cpp DialogCheckUpdate.cpp DialogCustomFonts.cpp DialogDefaultAttribList.cpp DialogProjectNew.cpp DialogSaveAsName.cpp DialogSkinFileNew.cpp DialogTemplateOpen.cpp DialogUIAttribEdit.cpp FileView.cpp GlobalVariable.cpp HookAPI.cpp ImageDialog.cpp ImagePreview.cpp LayoutManager.cpp MainFrm.cpp MultiUITracker.cpp PropertiesWnd.cpp PropertyTabLayoutUI.cpp ResourceView.cpp ToolBoxCtrl.cpp ToolBoxWnd.cpp UICommandHistory.cpp UIDesigner.cpp UIDesignerDoc.cpp UIDesignerView.cpp UIImagePreview.cpp UIProperties.cpp UIUtil.cpp ViewTree.cpp
         ViewTree.cpp
         UIUtil.cpp
         UIProperties.cpp
     1>UIProperties.cpp(1539): warning C4800: “DWORD”: 将值强制为布尔值“true”或“false”(性能警告)
         UIImagePreview.cpp
         UIDesignerView.cpp
         UIDesignerDoc.cpp
         UIDesigner.cpp
         UICommandHistory.cpp
         ToolBoxWnd.cpp
         ToolBoxCtrl.cpp
         ResourceView.cpp
         PropertyTabLayoutUI.cpp
         PropertiesWnd.cpp
         MultiUITracker.cpp
         MainFrm.cpp
         LayoutManager.cpp
         ImagePreview.cpp
         ImageDialog.cpp
         HookAPI.cpp
         GlobalVariable.cpp
         正在生成代码...
         正在编译...
         FileView.cpp
         DialogUIAttribEdit.cpp
         DialogTemplateOpen.cpp
         DialogSkinFileNew.cpp
         DialogSaveAsName.cpp
         DialogProjectNew.cpp
         DialogDefaultAttribList.cpp
         DialogCustomFonts.cpp
         DialogCheckUpdate.cpp
         ClassView.cpp
         ChildFrm.cpp
         正在生成代码...
         C:\Program Files\Microsoft Visual Studio 10.0\VC\bin\CL.exe /c /I.\third_party\tinyxml /Zi /nologo /W3 /WX- /Od /Oy- /D WIN32 /D _WINDOWS /D _DEBUG /D _UNICODE /D UNICODE /D _AFXDLL /Gm /EHsc /RTC1 /MDd /GS /fp:precise /Zc:wchar_t /Zc:forScope /Fo"UnicodeDebug\\" /Fd"UnicodeDebug\vc100.pdb" /Gd /TP /wd4996 /analyze- /errorReport:prompt third_party\tinyxml\tinystr.cpp third_party\tinyxml\tinyxml.cpp third_party\tinyxml\tinyxmlerror.cpp third_party\tinyxml\tinyxmlparser.cpp
         tinyxmlparser.cpp
         tinyxmlerror.cpp
         tinyxml.cpp
         tinystr.cpp
         正在生成代码...
       ResourceCompile:
         C:\Program Files\Microsoft SDKs\Windows\v7.0A\bin\rc.exe /D _DEBUG /D _UNICODE /D UNICODE /D _AFXDLL /l"0x0804" /IUnicodeDebug\ /nologo /fo"UnicodeDebug\UIDesigner.res" UIDesigner.rc 
     1>C:\Program Files\MSBuild\Microsoft.Cpp\v4.0\Microsoft.CppBuild.targets(990,5): warning MSB8012: TargetPath(D:\Work\duilib\UIDesigner\..\bin\UIDesigner.exe) 与 Linker 的 OutputFile 属性值(D:\Work\duilib\bin\UIDesigner_d.exe)不匹配。这可能导致项目生成不正确。若要更正此问题，请确保 $(OutDir)、$(TargetName) 和 $(TargetExt) 属性值与 %(Link.OutputFile) 中指定的值匹配。
     1>C:\Program Files\MSBuild\Microsoft.Cpp\v4.0\Microsoft.CppBuild.targets(992,5): warning MSB8012: TargetName(UIDesigner) 与 Linker 的 OutputFile 属性值(UIDesigner_d)不匹配。这可能导致项目生成不正确。若要更正此问题，请确保 $(OutDir)、$(TargetName) 和 $(TargetExt) 属性值与 %(Link.OutputFile) 中指定的值匹配。
       Link:
         C:\Program Files\Microsoft Visual Studio 10.0\VC\bin\link.exe /ERRORREPORT:PROMPT /OUT:"..\bin\UIDesigner_d.exe" /INCREMENTAL:NO /NOLOGO /MANIFEST /ManifestFile:"UnicodeDebug\UIDesigner.exe.intermediate.manifest" /MANIFESTUAC:"level='asInvoker' uiAccess='false'" /DEBUG /PDB:"D:\Work\duilib\bin\UIDesigner.pdb" /SUBSYSTEM:WINDOWS /TLBID:1 /ENTRY:"wWinMainCRTStartup" /DYNAMICBASE /NXCOMPAT /IMPLIB:"..\bin\UIDesigner.lib" /MACHINE:X86 UnicodeDebug\UIDesigner.res
         UnicodeDebug\ChildFrm.obj
         UnicodeDebug\ClassView.obj
         UnicodeDebug\DialogCheckUpdate.obj
         UnicodeDebug\DialogCustomFonts.obj
         UnicodeDebug\DialogDefaultAttribList.obj
         UnicodeDebug\DialogProjectNew.obj
         UnicodeDebug\DialogSaveAsName.obj
         UnicodeDebug\DialogSkinFileNew.obj
         UnicodeDebug\DialogTemplateOpen.obj
         UnicodeDebug\DialogUIAttribEdit.obj
         UnicodeDebug\FileView.obj
         UnicodeDebug\GlobalVariable.obj
         UnicodeDebug\HookAPI.obj
         UnicodeDebug\ImageDialog.obj
         UnicodeDebug\ImagePreview.obj
         UnicodeDebug\LayoutManager.obj
         UnicodeDebug\MainFrm.obj
         UnicodeDebug\MultiUITracker.obj
         UnicodeDebug\PropertiesWnd.obj
         UnicodeDebug\PropertyTabLayoutUI.obj
         UnicodeDebug\ResourceView.obj
         UnicodeDebug\stdafx.obj
         UnicodeDebug\ToolBoxCtrl.obj
         UnicodeDebug\ToolBoxWnd.obj
         UnicodeDebug\UICommandHistory.obj
         UnicodeDebug\UIDesigner.obj
         UnicodeDebug\UIDesignerDoc.obj
         UnicodeDebug\UIDesignerView.obj
         UnicodeDebug\UIImagePreview.obj
         UnicodeDebug\UIProperties.obj
         UnicodeDebug\UIUtil.obj
         UnicodeDebug\ViewTree.obj
         UnicodeDebug\tinystr.obj
         UnicodeDebug\tinyxml.obj
         UnicodeDebug\tinyxmlerror.obj
         UnicodeDebug\tinyxmlparser.obj
         D:\Work\duilib\bin\DuiLib_ud.lib
         UIDesigner.vcxproj -> D:\Work\duilib\UIDesigner\..\bin\UIDesigner.exe
       Manifest:
         C:\Program Files\Microsoft SDKs\Windows\v7.0A\bin\mt.exe /nologo /verbose /outputresource:"..\bin\UIDesigner_d.exe;#1" /manifest UnicodeDebug\UIDesigner.exe.intermediate.manifest "C:\Program Files\Microsoft Visual Studio 10.0\VC\Include\Manifest\dpiaware.manifest"
       FinalizeBuildStatus:
         正在删除文件“UnicodeDebug\UIDesigner.unsuccessfulbuild”。
         正在对“UnicodeDebug\UIDesigner.lastbuildstate”执行 Touch 任务。
     1>已完成生成项目“D:\Work\duilib\UIDesigner\UIDesigner.vcxproj”(rebuild 个目标)的操作。

生成成功。

已用时间 00:00:13.10
