..\bin\UIDesigner.pdb
D:\WORK\DUILIB\BIN\UIDESIGNER.PDB
D:\WORK\DUILIB\BIN\UIDESIGNER_D.EXE
D:\WORK\DUILIB\UIDESIGNER\UNICODEDEBUG\CHILDFRM.OBJ
D:\Work\duilib\UIDesigner\UnicodeDebug\cl.command.1.tlog
D:\Work\duilib\UIDesigner\UnicodeDebug\CL.read.1.tlog
D:\Work\duilib\UIDesigner\UnicodeDebug\CL.write.1.tlog
D:\WORK\DUILIB\UIDESIGNER\UNICODEDEBUG\CLASSVIEW.OBJ
D:\WORK\DUILIB\UIDESIGNER\UNICODEDEBUG\DIALOGCHECKUPDATE.OBJ
D:\WORK\DUILIB\UIDESIGNER\UNICODEDEBUG\DIALOGCUSTOMFONTS.OBJ
D:\WORK\DUILIB\UIDESIGNER\UNICODEDEBUG\DIALOGDEFAULTATTRIBLIST.OBJ
D:\WORK\DUILIB\UIDESIGNER\UNICODEDEBUG\DIALOGPROJECTNEW.OBJ
D:\WORK\DUILIB\UIDESIGNER\UNICODEDEBUG\DIALOGSAVEASNAME.OBJ
D:\WORK\DUILIB\UIDESIGNER\UNICODEDEBUG\DIALOGSKINFILENEW.OBJ
D:\WORK\DUILIB\UIDESIGNER\UNICODEDEBUG\DIALOGTEMPLATEOPEN.OBJ
D:\WORK\DUILIB\UIDESIGNER\UNICODEDEBUG\DIALOGUIATTRIBEDIT.OBJ
D:\WORK\DUILIB\UIDESIGNER\UNICODEDEBUG\FILEVIEW.OBJ
D:\WORK\DUILIB\UIDESIGNER\UNICODEDEBUG\GLOBALVARIABLE.OBJ
D:\WORK\DUILIB\UIDESIGNER\UNICODEDEBUG\HOOKAPI.OBJ
D:\WORK\DUILIB\UIDESIGNER\UNICODEDEBUG\IMAGEDIALOG.OBJ
D:\WORK\DUILIB\UIDESIGNER\UNICODEDEBUG\IMAGEPREVIEW.OBJ
D:\WORK\DUILIB\UIDESIGNER\UNICODEDEBUG\LAYOUTMANAGER.OBJ
D:\Work\duilib\UIDesigner\UnicodeDebug\link.command.1.tlog
D:\Work\duilib\UIDesigner\UnicodeDebug\link.read.1.tlog
D:\Work\duilib\UIDesigner\UnicodeDebug\link.write.1.tlog
D:\Work\duilib\UIDesigner\UnicodeDebug\link-cvtres.read.1.tlog
D:\Work\duilib\UIDesigner\UnicodeDebug\link-cvtres.write.1.tlog
D:\WORK\DUILIB\UIDESIGNER\UNICODEDEBUG\MAINFRM.OBJ
D:\WORK\DUILIB\UIDESIGNER\UNICODEDEBUG\MULTIUITRACKER.OBJ
D:\WORK\DUILIB\UIDESIGNER\UNICODEDEBUG\PROPERTIESWND.OBJ
D:\WORK\DUILIB\UIDESIGNER\UNICODEDEBUG\PROPERTYTABLAYOUTUI.OBJ
D:\Work\duilib\UIDesigner\UnicodeDebug\rc.command.1.tlog
D:\Work\duilib\UIDesigner\UnicodeDebug\rc.read.1.tlog
D:\Work\duilib\UIDesigner\UnicodeDebug\rc.write.1.tlog
D:\WORK\DUILIB\UIDESIGNER\UNICODEDEBUG\RESOURCEVIEW.OBJ
D:\WORK\DUILIB\UIDESIGNER\UNICODEDEBUG\STDAFX.OBJ
D:\WORK\DUILIB\UIDESIGNER\UNICODEDEBUG\TINYSTR.OBJ
D:\WORK\DUILIB\UIDESIGNER\UNICODEDEBUG\TINYXML.OBJ
D:\WORK\DUILIB\UIDESIGNER\UNICODEDEBUG\TINYXMLERROR.OBJ
D:\WORK\DUILIB\UIDESIGNER\UNICODEDEBUG\TINYXMLPARSER.OBJ
D:\WORK\DUILIB\UIDESIGNER\UNICODEDEBUG\TOOLBOXCTRL.OBJ
D:\WORK\DUILIB\UIDESIGNER\UNICODEDEBUG\TOOLBOXWND.OBJ
D:\WORK\DUILIB\UIDESIGNER\UNICODEDEBUG\UICOMMANDHISTORY.OBJ
D:\WORK\DUILIB\UIDESIGNER\UNICODEDEBUG\UIDESIGNER.OBJ
D:\WORK\DUILIB\UIDESIGNER\UNICODEDEBUG\UIDESIGNER.PCH
D:\WORK\DUILIB\UIDESIGNER\UNICODEDEBUG\UIDESIGNER.RES
D:\Work\duilib\UIDesigner\UnicodeDebug\UIDesigner.write.1.tlog
D:\WORK\DUILIB\UIDESIGNER\UNICODEDEBUG\UIDESIGNERDOC.OBJ
D:\WORK\DUILIB\UIDESIGNER\UNICODEDEBUG\UIDESIGNERVIEW.OBJ
D:\WORK\DUILIB\UIDESIGNER\UNICODEDEBUG\UIIMAGEPREVIEW.OBJ
D:\WORK\DUILIB\UIDESIGNER\UNICODEDEBUG\UIPROPERTIES.OBJ
D:\WORK\DUILIB\UIDESIGNER\UNICODEDEBUG\UIUTIL.OBJ
D:\Work\duilib\UIDesigner\UnicodeDebug\vc100.idb
D:\WORK\DUILIB\UIDESIGNER\UNICODEDEBUG\VC100.PDB
D:\WORK\DUILIB\UIDESIGNER\UNICODEDEBUG\VIEWTREE.OBJ
