生成启动时间为 2013/7/17 16:22:17。
     1>项目“D:\Design\WXF\wxf_utils\wxf_utils.vcxproj”在节点 2 上(build 个目标)。
     1>InitializeBuildStatus:
         正在创建“Debug\wxf_utils.unsuccessfulbuild”，因为已指定“AlwaysCreate”。
       ClCompile:
         所有输出均为最新。
       Lib:
         所有输出均为最新。
         wxf_utils.vcxproj -> D:\Design\WXF\wxf_utils\..\lib\wxf_utils.lib
       PostBuildEvent:
         install
         :VCEnd
         已复制         1 个文件。
         已复制         1 个文件。
         已复制         1 个文件。
         已复制         1 个文件。
         已复制         1 个文件。
         已复制         1 个文件。
       FinalizeBuildStatus:
         正在删除文件“Debug\wxf_utils.unsuccessfulbuild”。
         正在对“Debug\wxf_utils.lastbuildstate”执行 Touch 任务。
     1>已完成生成项目“D:\Design\WXF\wxf_utils\wxf_utils.vcxproj”(build 个目标)的操作。

生成成功。

已用时间 00:00:00.78
