D:\PROJECT\FDUT\360SAFE\DEBUG\360SAFE.OBJ
D:\PROJECT\FDUT\360SAFE\DEBUG\STDAFX.OBJ
D:\PROJECT\FDUT\360SAFE\DEBUG\VC100.PDB
D:\WORK\FDUT\360SAFE\DEBUG\360SAFE.EXE.INTERMEDIATE.MANIFEST
D:\WORK\FDUT\360SAFE\DEBUG\360SAFE.OBJ
D:\WORK\FDUT\360SAFE\DEBUG\360SAFE.RES
D:\Work\fdut\360Safe\Debug\cl.command.1.tlog
D:\Work\fdut\360Safe\Debug\CL.read.1.tlog
D:\Work\fdut\360Safe\Debug\CL.write.1.tlog
D:\Work\fdut\360Safe\Debug\link.command.1.tlog
D:\Work\fdut\360Safe\Debug\link.read.1.tlog
D:\Work\fdut\360Safe\Debug\link.write.1.tlog
D:\Work\fdut\360Safe\Debug\link-cvtres.read.1.tlog
D:\Work\fdut\360Safe\Debug\link-cvtres.write.1.tlog
D:\Work\fdut\360Safe\Debug\mt.command.1.tlog
D:\Work\fdut\360Safe\Debug\mt.read.1.tlog
D:\Work\fdut\360Safe\Debug\mt.write.1.tlog
D:\Work\fdut\360Safe\Debug\rc.command.1.tlog
D:\Work\fdut\360Safe\Debug\rc.read.1.tlog
D:\Work\fdut\360Safe\Debug\rc.write.1.tlog
D:\WORK\FDUT\360SAFE\DEBUG\STDAFX.OBJ
D:\Work\fdut\360Safe\Debug\vc100.idb
D:\WORK\FDUT\360SAFE\DEBUG\VC100.PDB
D:\Work\fdut\360Safe\Debug\vc80.idb
D:\Work\fdut\360Safe\Debug\vc80.pdb
D:\WORK\FDUT\BIN\360SAFE.EXE
D:\WORK\FDUT\BIN\360SAFE.ILK
D:\WORK\FDUT\DEBUG\360SAFE.PDB
