生成启动时间为 2013/7/17 17:14:56。
     1>项目“D:\Work\fdut\360Safe\360Safe.vcxproj”在节点 2 上(build 个目标)。
     1>C:\Program Files\MSBuild\Microsoft.Cpp\v4.0\Microsoft.CppBuild.targets(299,5): warning MSB8004: Output 目录未以斜杠结尾。此生成实例将添加斜杠，因为必须有这个斜杠才能正确计算 Output 目录。
     1>InitializeBuildStatus:
         正在创建“Debug\360Safe.unsuccessfulbuild”，因为已指定“AlwaysCreate”。
       ClCompile:
         所有输出均为最新。
       ResourceCompile:
         所有输出均为最新。
       Link:
         所有输出均为最新。
         C:\Program Files\Microsoft Visual Studio 10.0\VC\bin\link.exe /ERRORREPORT:PROMPT /OUT:"..\bin\360Safe.exe" /NOLOGO kernel32.lib user32.lib gdi32.lib winspool.lib comdlg32.lib advapi32.lib shell32.lib ole32.lib oleaut32.lib uuid.lib odbc32.lib odbccp32.lib /MANIFEST /ManifestFile:"Debug\360Safe.exe.intermediate.manifest" /MANIFESTUAC:"level='asInvoker' uiAccess='false'" /DEBUG /PDB:"D:\Work\fdut\bin\360Safe.pdb" /TLBID:1 /DYNAMICBASE /NXCOMPAT /IMPLIB:"..\bin\360Safe.lib" /MACHINE:X86 Debug\360Safe.res
         Debug\360Safe.obj
         Debug\StdAfx.obj
         LINK : 没有找到 ..\bin\360Safe.exe 或上一个增量链接没有生成它；正在执行完全链接
         360Safe.vcxproj -> D:\Work\fdut\360Safe\..\bin\360Safe.exe
       Manifest:
         C:\Program Files\Microsoft SDKs\Windows\v7.0A\bin\mt.exe /nologo /verbose /outputresource:"..\bin\360Safe.exe;#1" /manifest Debug\360Safe.exe.intermediate.manifest
       FinalizeBuildStatus:
         正在删除文件“Debug\360Safe.unsuccessfulbuild”。
         正在对“Debug\360Safe.lastbuildstate”执行 Touch 任务。
     1>已完成生成项目“D:\Work\fdut\360Safe\360Safe.vcxproj”(build 个目标)的操作。

生成成功。

已用时间 00:00:00.73
