.\Debug\DuiLib.pdb
D:\WORK\DUILIB\BIN\DUILIB_D.DLL
D:\Work\duilib\bin\DuiLib_d.exp
D:\WORK\DUILIB\BIN\DUILIB_D.ILK
D:\Work\duilib\bin\DuiLib_d.lib
D:\Work\duilib\DuiLib\Debug\cl.command.1.tlog
D:\Work\duilib\DuiLib\Debug\CL.read.1.tlog
D:\Work\duilib\DuiLib\Debug\CL.write.1.tlog
D:\WORK\DUILIB\DUILIB\DEBUG\DUILIB.PCH
D:\WORK\DUILIB\DUILIB\DEBUG\DUILIB.PDB
D:\Work\duilib\DuiLib\Debug\DuiLib.write.1.tlog
D:\Work\duilib\DuiLib\Debug\link.command.1.tlog
D:\Work\duilib\DuiLib\Debug\link.read.1.tlog
D:\Work\duilib\DuiLib\Debug\link.write.1.tlog
D:\WORK\DUILIB\DUILIB\DEBUG\STB_IMAGE.OBJ
D:\WORK\DUILIB\DUILIB\DEBUG\STDAFX.OBJ
D:\WORK\DUILIB\DUILIB\DEBUG\UIACTIVEX.OBJ
D:\WORK\DUILIB\DUILIB\DEBUG\UIBASE.OBJ
D:\WORK\DUILIB\DUILIB\DEBUG\UICOMBO.OBJ
D:\WORK\DUILIB\DUILIB\DEBUG\UICOMMONCONTROLS.OBJ
D:\WORK\DUILIB\DUILIB\DEBUG\UICONTAINER.OBJ
D:\WORK\DUILIB\DUILIB\DEBUG\UICONTROL.OBJ
D:\WORK\DUILIB\DUILIB\DEBUG\UIDELEGATE.OBJ
D:\WORK\DUILIB\DUILIB\DEBUG\UIDLGBUILDER.OBJ
D:\WORK\DUILIB\DUILIB\DEBUG\UILIB.OBJ
D:\WORK\DUILIB\DUILIB\DEBUG\UILIST.OBJ
D:\WORK\DUILIB\DUILIB\DEBUG\UIMANAGER.OBJ
D:\WORK\DUILIB\DUILIB\DEBUG\UIMARKUP.OBJ
D:\WORK\DUILIB\DUILIB\DEBUG\UIRENDER.OBJ
D:\WORK\DUILIB\DUILIB\DEBUG\UIRICHEDIT.OBJ
D:\Work\duilib\DuiLib\Debug\vc100.idb
D:\WORK\DUILIB\DUILIB\DEBUG\VC100.PDB
D:\WORK\DUILIB\DUILIB\DEBUG\XUNZIP.OBJ
