D:\PROJECT\FDUT\FDUT\DEBUG\STDAFX.OBJ
D:\PROJECT\FDUT\FDUT\DEBUG\UIACTIVEX.OBJ
D:\PROJECT\FDUT\FDUT\DEBUG\UIBASE.OBJ
D:\PROJECT\FDUT\FDUT\DEBUG\UICOMBO.OBJ
D:\PROJECT\FDUT\FDUT\DEBUG\UICOMMONCONTROLS.OBJ
D:\PROJECT\FDUT\FDUT\DEBUG\UICONTAINER.OBJ
D:\PROJECT\FDUT\FDUT\DEBUG\UICONTROL.OBJ
D:\PROJECT\FDUT\FDUT\DEBUG\UIDELEGATE.OBJ
D:\PROJECT\FDUT\FDUT\DEBUG\UIDLGBUILDER.OBJ
D:\PROJECT\FDUT\FDUT\DEBUG\UILIB.OBJ
D:\PROJECT\FDUT\FDUT\DEBUG\UILIST.OBJ
D:\PROJECT\FDUT\FDUT\DEBUG\UIMANAGER.OBJ
D:\PROJECT\FDUT\FDUT\DEBUG\UIMARKUP.OBJ
D:\PROJECT\FDUT\FDUT\DEBUG\UIRICHEDIT.OBJ
D:\PROJECT\FDUT\FDUT\DEBUG\VC100.PDB
D:\PROJECT\FDUT\FDUT\DEBUG\XUNZIP.OBJ
D:\WORK\FDUT\BIN\FDUT.DLL
D:\Work\fdut\bin\fdut.exp
D:\WORK\FDUT\BIN\FDUT.ILK
D:\Work\fdut\bin\fdut.lib
D:\WORK\FDUT\DEBUG\FDUT.PDB
D:\Work\fdut\fdut\Debug\cl.command.1.tlog
D:\Work\fdut\fdut\Debug\CL.read.1.tlog
D:\Work\fdut\fdut\Debug\CL.write.1.tlog
D:\WORK\FDUT\FDUT\DEBUG\FDUT.DLL.INTERMEDIATE.MANIFEST
D:\Work\fdut\fdut\Debug\fdut.write.1.tlog
D:\Work\fdut\fdut\Debug\link.command.1.tlog
D:\Work\fdut\fdut\Debug\link.read.1.tlog
D:\Work\fdut\fdut\Debug\link.write.1.tlog
D:\Work\fdut\fdut\Debug\mt.command.1.tlog
D:\Work\fdut\fdut\Debug\mt.read.1.tlog
D:\Work\fdut\fdut\Debug\mt.write.1.tlog
D:\WORK\FDUT\FDUT\DEBUG\STB_IMAGE.OBJ
D:\WORK\FDUT\FDUT\DEBUG\STDAFX.OBJ
D:\WORK\FDUT\FDUT\DEBUG\UIACTIVEX.OBJ
D:\WORK\FDUT\FDUT\DEBUG\UIBASE.OBJ
D:\WORK\FDUT\FDUT\DEBUG\UICOMBO.OBJ
D:\WORK\FDUT\FDUT\DEBUG\UICOMMONCONTROLS.OBJ
D:\WORK\FDUT\FDUT\DEBUG\UICONTAINER.OBJ
D:\WORK\FDUT\FDUT\DEBUG\UICONTROL.OBJ
D:\WORK\FDUT\FDUT\DEBUG\UIDELEGATE.OBJ
D:\WORK\FDUT\FDUT\DEBUG\UIDLGBUILDER.OBJ
D:\WORK\FDUT\FDUT\DEBUG\UILIB.OBJ
D:\WORK\FDUT\FDUT\DEBUG\UILIST.OBJ
D:\WORK\FDUT\FDUT\DEBUG\UIMANAGER.OBJ
D:\WORK\FDUT\FDUT\DEBUG\UIMARKUP.OBJ
D:\WORK\FDUT\FDUT\DEBUG\UIRENDER.OBJ
D:\WORK\FDUT\FDUT\DEBUG\UIRICHEDIT.OBJ
D:\Work\fdut\fdut\Debug\vc100.idb
D:\WORK\FDUT\FDUT\DEBUG\VC100.PDB
D:\Work\fdut\fdut\Debug\vc80.idb
D:\Work\fdut\fdut\Debug\vc80.pdb
D:\WORK\FDUT\FDUT\DEBUG\XUNZIP.OBJ
