生成启动时间为 2013/7/17 17:13:47。
     1>项目“D:\Work\fdut\fdut\fdut.vcxproj”在节点 2 上(rebuild 个目标)。
     1>_PrepareForClean:
         正在删除文件“Debug\fdut.lastbuildstate”。
       InitializeBuildStatus:
         正在创建“Debug\fdut.unsuccessfulbuild”，因为已指定“AlwaysCreate”。
       ClCompile:
         C:\Program Files\Microsoft Visual Studio 10.0\VC\bin\CL.exe /c /I..\include /ZI /nologo /W3 /WX- /Od /Oy- /D WIN32 /D _DEBUG /D _WINDOWS /D UILIB_EXPORTS /D _WINDLL /D _MBCS /Gm /EHsc /RTC1 /MTd /GS /fp:precise /Zc:wchar_t /Zc:forScope /Fo"Debug\\" /Fd"Debug\vc100.pdb" /Gd /TP /analyze- /errorReport:prompt UIActiveX.cpp UICombo.cpp UICommonControls.cpp UIContainer.cpp UIControl.cpp UIList.cpp UIRichEdit.cpp UIBase.cpp UIDelegate.cpp UIDlgBuilder.cpp UIManager.cpp UIMarkup.cpp UIRender.cpp StdAfx.cpp UIlib.cpp XUnzip.cpp
         XUnzip.cpp
         UIlib.cpp
         StdAfx.cpp
         UIRender.cpp
         UIMarkup.cpp
         UIManager.cpp
         UIDlgBuilder.cpp
         UIDelegate.cpp
         UIBase.cpp
         UIRichEdit.cpp
         UIList.cpp
         UIControl.cpp
         UIContainer.cpp
         UICommonControls.cpp
         UICombo.cpp
         UIActiveX.cpp
         正在生成代码...
         C:\Program Files\Microsoft Visual Studio 10.0\VC\bin\CL.exe /c /I..\include /ZI /nologo /W3 /WX- /Od /Oy- /D WIN32 /D _DEBUG /D _WINDOWS /D UILIB_EXPORTS /D _WINDLL /D _MBCS /Gm /EHsc /RTC1 /MTd /GS /fp:precise /Zc:wchar_t /Zc:forScope /Fo"Debug\\" /Fd"Debug\vc100.pdb" /Gd /TC /analyze- /errorReport:prompt stb_image.c
         stb_image.c
     1>C:\Program Files\MSBuild\Microsoft.Cpp\v4.0\Microsoft.CppBuild.targets(990,5): warning MSB8012: TargetPath(D:\Work\fdut\Debug\fdut.dll) 与 Linker 的 OutputFile 属性值(D:\Work\fdut\bin\fdut.dll)不匹配。这可能导致项目生成不正确。若要更正此问题，请确保 $(OutDir)、$(TargetName) 和 $(TargetExt) 属性值与 %(Link.OutputFile) 中指定的值匹配。
       Link:
         C:\Program Files\Microsoft Visual Studio 10.0\VC\bin\link.exe /ERRORREPORT:PROMPT /OUT:"..\bin\fdut.dll" /NOLOGO kernel32.lib user32.lib gdi32.lib winspool.lib comdlg32.lib advapi32.lib shell32.lib ole32.lib oleaut32.lib uuid.lib odbc32.lib odbccp32.lib /MANIFEST /ManifestFile:"Debug\fdut.dll.intermediate.manifest" /MANIFESTUAC:"level='asInvoker' uiAccess='false'" /DEBUG /PDB:"D:\Work\fdut\Debug\fdut.pdb" /TLBID:1 /DYNAMICBASE /NXCOMPAT /IMPLIB:"..\bin\fdut.lib" /MACHINE:X86 /DLL Debug\UIActiveX.obj
         Debug\UICombo.obj
         Debug\UICommonControls.obj
         Debug\UIContainer.obj
         Debug\UIControl.obj
         Debug\UIList.obj
         Debug\UIRichEdit.obj
         Debug\UIBase.obj
         Debug\UIDelegate.obj
         Debug\UIDlgBuilder.obj
         Debug\UIManager.obj
         Debug\UIMarkup.obj
         Debug\UIRender.obj
         Debug\stb_image.obj
         Debug\StdAfx.obj
         Debug\UIlib.obj
         Debug\XUnzip.obj
            正在创建库 ..\bin\fdut.lib 和对象 ..\bin\fdut.exp
         fdut.vcxproj -> D:\Work\fdut\Debug\fdut.dll
       Manifest:
         C:\Program Files\Microsoft SDKs\Windows\v7.0A\bin\mt.exe /nologo /verbose /outputresource:"..\bin\fdut.dll;#2" /manifest Debug\fdut.dll.intermediate.manifest
       FinalizeBuildStatus:
         正在删除文件“Debug\fdut.unsuccessfulbuild”。
         正在对“Debug\fdut.lastbuildstate”执行 Touch 任务。
     1>已完成生成项目“D:\Work\fdut\fdut\fdut.vcxproj”(rebuild 个目标)的操作。

生成成功。

已用时间 00:00:12.74
