生成启动时间为 2013/6/5 15:41:41。
     1>项目“D:\Demo\yexf\decode\decode.vcxproj”在节点 2 上(build 个目标)。
     1>InitializeBuildStatus:
         正在对“Debug\decode.unsuccessfulbuild”执行 Touch 任务。
       ClCompile:
         所有输出均为最新。
         C:\Program Files\Microsoft Visual Studio 10.0\VC\bin\CL.exe /c /ZI /nologo /W3 /WX- /Od /Oy- /D WIN32 /D UNIX /D _MBCS /Gm /EHsc /RTC1 /MDd /GS /fp:precise /Zc:wchar_t /Zc:forScope /Fo"Debug\\" /Fd"Debug\vc100.pdb" /Gd /TC /analyze- /errorReport:prompt fastimdct.c fastsb.c huff.c mp3dec.c
         mp3dec.c
     1>d:\demo\yexf\decode\mp3dec.c(54): warning C4305: “初始化”: 从“double”到“float”截断
     1>d:\demo\yexf\decode\mp3dec.c(140): warning C4996: 'sprintf': This function or variable may be unsafe. Consider using sprintf_s instead. To disable deprecation, use _CRT_SECURE_NO_WARNINGS. See online help for details.
                 c:\program files\microsoft visual studio 10.0\vc\include\stdio.h(371) : 参见“sprintf”的声明
     1>d:\demo\yexf\decode\mp3dec.c(142): warning C4996: 'sprintf': This function or variable may be unsafe. Consider using sprintf_s instead. To disable deprecation, use _CRT_SECURE_NO_WARNINGS. See online help for details.
                 c:\program files\microsoft visual studio 10.0\vc\include\stdio.h(371) : 参见“sprintf”的声明
     1>d:\demo\yexf\decode\mp3dec.c(143): warning C4996: 'fopen': This function or variable may be unsafe. Consider using fopen_s instead. To disable deprecation, use _CRT_SECURE_NO_WARNINGS. See online help for details.
                 c:\program files\microsoft visual studio 10.0\vc\include\stdio.h(234) : 参见“fopen”的声明
     1>d:\demo\yexf\decode\mp3dec.c(152): warning C4013: “Bitstream32_fillbuffer”未定义；假设外部返回 int
     1>d:\demo\yexf\decode\mp3dec.c(259): warning C4013: “Bitstream32_get1”未定义；假设外部返回 int
     1>d:\demo\yexf\decode\mp3dec.c(267): warning C4013: “Bitstream32_get”未定义；假设外部返回 int
     1>d:\demo\yexf\decode\mp3dec_d.h(2): warning C4305: “初始化”: 从“double”到“mpfloat”截断
     1>d:\demo\yexf\decode\mp3dec_d.h(2): warning C4305: “初始化”: 从“double”到“mpfloat”截断
     1>d:\demo\yexf\decode\mp3dec_d.h(2): warning C4305: “初始化”: 从“double”到“mpfloat”截断
     1>d:\demo\yexf\decode\mp3dec_d.h(3): warning C4305: “初始化”: 从“double”到“mpfloat”截断
     1>d:\demo\yexf\decode\mp3dec_d.h(3): warning C4305: “初始化”: 从“double”到“mpfloat”截断
     1>d:\demo\yexf\decode\mp3dec_d.h(3): warning C4305: “初始化”: 从“double”到“mpfloat”截断
     1>d:\demo\yexf\decode\mp3dec_d.h(3): warning C4305: “初始化”: 从“double”到“mpfloat”截断
     1>d:\demo\yexf\decode\mp3dec_d.h(4): warning C4305: “初始化”: 从“double”到“mpfloat”截断
     1>d:\demo\yexf\decode\mp3dec_d.h(4): warning C4305: “初始化”: 从“double”到“mpfloat”截断
     1>d:\demo\yexf\decode\mp3dec_d.h(4): warning C4305: “初始化”: 从“double”到“mpfloat”截断
     1>d:\demo\yexf\decode\mp3dec_d.h(4): warning C4305: “初始化”: 从“double”到“mpfloat”截断
     1>d:\demo\yexf\decode\mp3dec_d.h(5): warning C4305: “初始化”: 从“double”到“mpfloat”截断
     1>d:\demo\yexf\decode\mp3dec_d.h(5): warning C4305: “初始化”: 从“double”到“mpfloat”截断
     1>d:\demo\yexf\decode\mp3dec_d.h(5): warning C4305: “初始化”: 从“double”到“mpfloat”截断
     1>d:\demo\yexf\decode\mp3dec_d.h(5): warning C4305: “初始化”: 从“double”到“mpfloat”截断
     1>d:\demo\yexf\decode\mp3dec_d.h(6): warning C4305: “初始化”: 从“double”到“mpfloat”截断
     1>d:\demo\yexf\decode\mp3dec_d.h(6): warning C4305: “初始化”: 从“double”到“mpfloat”截断
     1>d:\demo\yexf\decode\mp3dec_d.h(6): warning C4305: “初始化”: 从“double”到“mpfloat”截断
     1>d:\demo\yexf\decode\mp3dec_d.h(6): warning C4305: “初始化”: 从“double”到“mpfloat”截断
     1>d:\demo\yexf\decode\mp3dec_d.h(7): warning C4305: “初始化”: 从“double”到“mpfloat”截断
     1>d:\demo\yexf\decode\mp3dec_d.h(7): warning C4305: “初始化”: 从“double”到“mpfloat”截断
     1>d:\demo\yexf\decode\mp3dec_d.h(7): warning C4305: “初始化”: 从“double”到“mpfloat”截断
     1>d:\demo\yexf\decode\mp3dec_d.h(7): warning C4305: “初始化”: 从“double”到“mpfloat”截断
     1>d:\demo\yexf\decode\mp3dec_d.h(8): warning C4305: “初始化”: 从“double”到“mpfloat”截断
     1>d:\demo\yexf\decode\mp3dec_d.h(8): warning C4305: “初始化”: 从“double”到“mpfloat”截断
     1>d:\demo\yexf\decode\mp3dec_d.h(8): warning C4305: “初始化”: 从“double”到“mpfloat”截断
     1>d:\demo\yexf\decode\mp3dec_d.h(8): warning C4305: “初始化”: 从“double”到“mpfloat”截断
     1>d:\demo\yexf\decode\mp3dec_d.h(9): warning C4305: “初始化”: 从“double”到“mpfloat”截断
     1>d:\demo\yexf\decode\mp3dec_d.h(9): warning C4305: “初始化”: 从“double”到“mpfloat”截断
     1>d:\demo\yexf\decode\mp3dec_d.h(9): warning C4305: “初始化”: 从“double”到“mpfloat”截断
     1>d:\demo\yexf\decode\mp3dec_d.h(9): warning C4305: “初始化”: 从“double”到“mpfloat”截断
     1>d:\demo\yexf\decode\mp3dec_d.h(10): warning C4305: “初始化”: 从“double”到“mpfloat”截断
     1>d:\demo\yexf\decode\mp3dec_d.h(10): warning C4305: “初始化”: 从“double”到“mpfloat”截断
     1>d:\demo\yexf\decode\mp3dec_d.h(10): warning C4305: “初始化”: 从“double”到“mpfloat”截断
     1>d:\demo\yexf\decode\mp3dec_d.h(10): warning C4305: “初始化”: 从“double”到“mpfloat”截断
     1>d:\demo\yexf\decode\mp3dec_d.h(11): warning C4305: “初始化”: 从“double”到“mpfloat”截断
     1>d:\demo\yexf\decode\mp3dec_d.h(11): warning C4305: “初始化”: 从“double”到“mpfloat”截断
     1>d:\demo\yexf\decode\mp3dec_d.h(11): warning C4305: “初始化”: 从“double”到“mpfloat”截断
     1>d:\demo\yexf\decode\mp3dec_d.h(11): warning C4305: “初始化”: 从“double”到“mpfloat”截断
     1>d:\demo\yexf\decode\mp3dec_d.h(12): warning C4305: “初始化”: 从“double”到“mpfloat”截断
     1>d:\demo\yexf\decode\mp3dec_d.h(12): warning C4305: “初始化”: 从“double”到“mpfloat”截断
     1>d:\demo\yexf\decode\mp3dec_d.h(12): warning C4305: “初始化”: 从“double”到“mpfloat”截断
     1>d:\demo\yexf\decode\mp3dec_d.h(12): warning C4305: “初始化”: 从“double”到“mpfloat”截断
     1>d:\demo\yexf\decode\mp3dec_d.h(13): warning C4305: “初始化”: 从“double”到“mpfloat”截断
     1>d:\demo\yexf\decode\mp3dec_d.h(13): warning C4305: “初始化”: 从“double”到“mpfloat”截断
     1>d:\demo\yexf\decode\mp3dec_d.h(13): warning C4305: “初始化”: 从“double”到“mpfloat”截断
     1>d:\demo\yexf\decode\mp3dec_d.h(13): warning C4305: “初始化”: 从“double”到“mpfloat”截断
     1>d:\demo\yexf\decode\mp3dec_d.h(14): warning C4305: “初始化”: 从“double”到“mpfloat”截断
     1>d:\demo\yexf\decode\mp3dec_d.h(14): warning C4305: “初始化”: 从“double”到“mpfloat”截断
     1>d:\demo\yexf\decode\mp3dec_d.h(14): warning C4305: “初始化”: 从“double”到“mpfloat”截断
     1>d:\demo\yexf\decode\mp3dec_d.h(14): warning C4305: “初始化”: 从“double”到“mpfloat”截断
     1>d:\demo\yexf\decode\mp3dec_d.h(15): warning C4305: “初始化”: 从“double”到“mpfloat”截断
     1>d:\demo\yexf\decode\mp3dec_d.h(15): warning C4305: “初始化”: 从“double”到“mpfloat”截断
     1>d:\demo\yexf\decode\mp3dec_d.h(15): warning C4305: “初始化”: 从“double”到“mpfloat”截断
     1>d:\demo\yexf\decode\mp3dec_d.h(15): warning C4305: “初始化”: 从“double”到“mpfloat”截断
     1>d:\demo\yexf\decode\mp3dec_d.h(16): warning C4305: “初始化”: 从“double”到“mpfloat”截断
     1>d:\demo\yexf\decode\mp3dec_d.h(16): warning C4305: “初始化”: 从“double”到“mpfloat”截断
     1>d:\demo\yexf\decode\mp3dec_d.h(16): warning C4305: “初始化”: 从“double”到“mpfloat”截断
     1>d:\demo\yexf\decode\mp3dec_d.h(16): warning C4305: “初始化”: 从“double”到“mpfloat”截断
     1>d:\demo\yexf\decode\mp3dec_d.h(17): warning C4305: “初始化”: 从“double”到“mpfloat”截断
     1>d:\demo\yexf\decode\mp3dec_d.h(17): warning C4305: “初始化”: 从“double”到“mpfloat”截断
     1>d:\demo\yexf\decode\mp3dec_d.h(17): warning C4305: “初始化”: 从“double”到“mpfloat”截断
     1>d:\demo\yexf\decode\mp3dec_d.h(17): warning C4305: “初始化”: 从“double”到“mpfloat”截断
     1>d:\demo\yexf\decode\mp3dec_d.h(18): warning C4305: “初始化”: 从“double”到“mpfloat”截断
     1>d:\demo\yexf\decode\mp3dec_d.h(18): warning C4305: “初始化”: 从“double”到“mpfloat”截断
     1>d:\demo\yexf\decode\mp3dec_d.h(18): warning C4305: “初始化”: 从“double”到“mpfloat”截断
     1>d:\demo\yexf\decode\mp3dec_d.h(18): warning C4305: “初始化”: 从“double”到“mpfloat”截断
     1>d:\demo\yexf\decode\mp3dec_d.h(19): warning C4305: “初始化”: 从“double”到“mpfloat”截断
     1>d:\demo\yexf\decode\mp3dec_d.h(19): warning C4305: “初始化”: 从“double”到“mpfloat”截断
     1>d:\demo\yexf\decode\mp3dec_d.h(19): warning C4305: “初始化”: 从“double”到“mpfloat”截断
     1>d:\demo\yexf\decode\mp3dec_d.h(19): warning C4305: “初始化”: 从“double”到“mpfloat”截断
     1>d:\demo\yexf\decode\mp3dec_d.h(20): warning C4305: “初始化”: 从“double”到“mpfloat”截断
     1>d:\demo\yexf\decode\mp3dec_d.h(20): warning C4305: “初始化”: 从“double”到“mpfloat”截断
     1>d:\demo\yexf\decode\mp3dec_d.h(20): warning C4305: “初始化”: 从“double”到“mpfloat”截断
     1>d:\demo\yexf\decode\mp3dec_d.h(20): warning C4305: “初始化”: 从“double”到“mpfloat”截断
     1>d:\demo\yexf\decode\mp3dec_d.h(21): warning C4305: “初始化”: 从“double”到“mpfloat”截断
     1>d:\demo\yexf\decode\mp3dec_d.h(21): warning C4305: “初始化”: 从“double”到“mpfloat”截断
     1>d:\demo\yexf\decode\mp3dec_d.h(21): warning C4305: “初始化”: 从“double”到“mpfloat”截断
     1>d:\demo\yexf\decode\mp3dec_d.h(21): warning C4305: “初始化”: 从“double”到“mpfloat”截断
     1>d:\demo\yexf\decode\mp3dec_d.h(22): warning C4305: “初始化”: 从“double”到“mpfloat”截断
     1>d:\demo\yexf\decode\mp3dec_d.h(22): warning C4305: “初始化”: 从“double”到“mpfloat”截断
     1>d:\demo\yexf\decode\mp3dec_d.h(22): warning C4305: “初始化”: 从“double”到“mpfloat”截断
     1>d:\demo\yexf\decode\mp3dec_d.h(22): warning C4305: “初始化”: 从“double”到“mpfloat”截断
     1>d:\demo\yexf\decode\mp3dec_d.h(23): warning C4305: “初始化”: 从“double”到“mpfloat”截断
     1>d:\demo\yexf\decode\mp3dec_d.h(23): warning C4305: “初始化”: 从“double”到“mpfloat”截断
     1>d:\demo\yexf\decode\mp3dec_d.h(23): warning C4305: “初始化”: 从“double”到“mpfloat”截断
     1>d:\demo\yexf\decode\mp3dec_d.h(23): warning C4305: “初始化”: 从“double”到“mpfloat”截断
     1>d:\demo\yexf\decode\mp3dec_d.h(24): warning C4305: “初始化”: 从“double”到“mpfloat”截断
     1>d:\demo\yexf\decode\mp3dec_d.h(24): warning C4305: “初始化”: 从“double”到“mpfloat”截断
     1>d:\demo\yexf\decode\mp3dec_d.h(24): warning C4305: “初始化”: 从“double”到“mpfloat”截断
     1>d:\demo\yexf\decode\mp3dec_d.h(24): warning C4305: “初始化”: 从“double”到“mpfloat”截断
     1>d:\demo\yexf\decode\mp3dec_d.h(25): warning C4305: “初始化”: 从“double”到“mpfloat”截断
     1>d:\demo\yexf\decode\mp3dec_d.h(25): warning C4305: “初始化”: 从“double”到“mpfloat”截断
     1>d:\demo\yexf\decode\mp3dec_d.h(25): warning C4305: “初始化”: 从“double”到“mpfloat”截断
     1>d:\demo\yexf\decode\mp3dec_d.h(25): warning C4305: “初始化”: 从“double”到“mpfloat”截断
     1>d:\demo\yexf\decode\mp3dec_d.h(26): warning C4305: “初始化”: 从“double”到“mpfloat”截断
     1>d:\demo\yexf\decode\mp3dec_d.h(26): warning C4305: “初始化”: 从“double”到“mpfloat”截断
     1>d:\demo\yexf\decode\mp3dec_d.h(26): warning C4305: “初始化”: 从“double”到“mpfloat”截断
     1>d:\demo\yexf\decode\mp3dec_d.h(26): warning C4305: “初始化”: 从“double”到“mpfloat”截断
     1>d:\demo\yexf\decode\mp3dec_d.h(27): warning C4305: “初始化”: 从“double”到“mpfloat”截断
     1>d:\demo\yexf\decode\mp3dec_d.h(27): warning C4305: “初始化”: 从“double”到“mpfloat”截断
     1>d:\demo\yexf\decode\mp3dec_d.h(27): warning C4305: “初始化”: 从“double”到“mpfloat”截断
     1>d:\demo\yexf\decode\mp3dec_d.h(27): warning C4305: “初始化”: 从“double”到“mpfloat”截断
     1>d:\demo\yexf\decode\mp3dec_d.h(28): warning C4305: “初始化”: 从“double”到“mpfloat”截断
     1>d:\demo\yexf\decode\mp3dec_d.h(28): warning C4305: “初始化”: 从“double”到“mpfloat”截断
     1>d:\demo\yexf\decode\mp3dec_d.h(28): warning C4305: “初始化”: 从“double”到“mpfloat”截断
     1>d:\demo\yexf\decode\mp3dec_d.h(28): warning C4305: “初始化”: 从“double”到“mpfloat”截断
     1>d:\demo\yexf\decode\mp3dec_d.h(29): warning C4305: “初始化”: 从“double”到“mpfloat”截断
     1>d:\demo\yexf\decode\mp3dec_d.h(29): warning C4305: “初始化”: 从“double”到“mpfloat”截断
     1>d:\demo\yexf\decode\mp3dec_d.h(29): warning C4305: “初始化”: 从“double”到“mpfloat”截断
     1>d:\demo\yexf\decode\mp3dec_d.h(29): warning C4305: “初始化”: 从“double”到“mpfloat”截断
     1>d:\demo\yexf\decode\mp3dec_d.h(30): warning C4305: “初始化”: 从“double”到“mpfloat”截断
     1>d:\demo\yexf\decode\mp3dec_d.h(30): warning C4305: “初始化”: 从“double”到“mpfloat”截断
     1>d:\demo\yexf\decode\mp3dec_d.h(30): warning C4305: “初始化”: 从“double”到“mpfloat”截断
     1>d:\demo\yexf\decode\mp3dec_d.h(30): warning C4305: “初始化”: 从“double”到“mpfloat”截断
     1>d:\demo\yexf\decode\mp3dec_d.h(31): warning C4305: “初始化”: 从“double”到“mpfloat”截断
     1>d:\demo\yexf\decode\mp3dec_d.h(31): warning C4305: “初始化”: 从“double”到“mpfloat”截断
     1>d:\demo\yexf\decode\mp3dec_d.h(31): warning C4305: “初始化”: 从“double”到“mpfloat”截断
     1>d:\demo\yexf\decode\mp3dec_d.h(31): warning C4305: “初始化”: 从“double”到“mpfloat”截断
     1>d:\demo\yexf\decode\mp3dec_d.h(32): warning C4305: “初始化”: 从“double”到“mpfloat”截断
     1>d:\demo\yexf\decode\mp3dec_d.h(32): warning C4305: “初始化”: 从“double”到“mpfloat”截断
     1>d:\demo\yexf\decode\mp3dec_d.h(32): warning C4305: “初始化”: 从“double”到“mpfloat”截断
     1>d:\demo\yexf\decode\mp3dec_d.h(32): warning C4305: “初始化”: 从“double”到“mpfloat”截断
     1>d:\demo\yexf\decode\mp3dec_d.h(33): warning C4305: “初始化”: 从“double”到“mpfloat”截断
     1>d:\demo\yexf\decode\mp3dec_d.h(33): warning C4305: “初始化”: 从“double”到“mpfloat”截断
     1>d:\demo\yexf\decode\mp3dec_d.h(33): warning C4305: “初始化”: 从“double”到“mpfloat”截断
     1>d:\demo\yexf\decode\mp3dec_d.h(33): warning C4305: “初始化”: 从“double”到“mpfloat”截断
     1>d:\demo\yexf\decode\mp3dec_d.h(34): warning C4305: “初始化”: 从“double”到“mpfloat”截断
     1>d:\demo\yexf\decode\mp3dec_d.h(34): warning C4305: “初始化”: 从“double”到“mpfloat”截断
     1>d:\demo\yexf\decode\mp3dec_d.h(34): warning C4305: “初始化”: 从“double”到“mpfloat”截断
     1>d:\demo\yexf\decode\mp3dec_d.h(34): warning C4305: “初始化”: 从“double”到“mpfloat”截断
     1>d:\demo\yexf\decode\mp3dec_d.h(35): warning C4305: “初始化”: 从“double”到“mpfloat”截断
     1>d:\demo\yexf\decode\mp3dec_d.h(35): warning C4305: “初始化”: 从“double”到“mpfloat”截断
     1>d:\demo\yexf\decode\mp3dec_d.h(35): warning C4305: “初始化”: 从“double”到“mpfloat”截断
     1>d:\demo\yexf\decode\mp3dec_d.h(35): warning C4305: “初始化”: 从“double”到“mpfloat”截断
     1>d:\demo\yexf\decode\mp3dec_d.h(36): warning C4305: “初始化”: 从“double”到“mpfloat”截断
     1>d:\demo\yexf\decode\mp3dec_d.h(36): warning C4305: “初始化”: 从“double”到“mpfloat”截断
     1>d:\demo\yexf\decode\mp3dec_d.h(36): warning C4305: “初始化”: 从“double”到“mpfloat”截断
     1>d:\demo\yexf\decode\mp3dec_d.h(36): warning C4305: “初始化”: 从“double”到“mpfloat”截断
     1>d:\demo\yexf\decode\mp3dec_d.h(37): warning C4305: “初始化”: 从“double”到“mpfloat”截断
     1>d:\demo\yexf\decode\mp3dec_d.h(37): warning C4305: “初始化”: 从“double”到“mpfloat”截断
     1>d:\demo\yexf\decode\mp3dec_d.h(37): warning C4305: “初始化”: 从“double”到“mpfloat”截断
     1>d:\demo\yexf\decode\mp3dec_d.h(37): warning C4305: “初始化”: 从“double”到“mpfloat”截断
     1>d:\demo\yexf\decode\mp3dec_d.h(38): warning C4305: “初始化”: 从“double”到“mpfloat”截断
     1>d:\demo\yexf\decode\mp3dec_d.h(38): warning C4305: “初始化”: 从“double”到“mpfloat”截断
     1>d:\demo\yexf\decode\mp3dec_d.h(38): warning C4305: “初始化”: 从“double”到“mpfloat”截断
     1>d:\demo\yexf\decode\mp3dec_d.h(38): warning C4305: “初始化”: 从“double”到“mpfloat”截断
     1>d:\demo\yexf\decode\mp3dec_d.h(39): warning C4305: “初始化”: 从“double”到“mpfloat”截断
     1>d:\demo\yexf\decode\mp3dec_d.h(39): warning C4305: “初始化”: 从“double”到“mpfloat”截断
     1>d:\demo\yexf\decode\mp3dec_d.h(39): warning C4305: “初始化”: 从“double”到“mpfloat”截断
     1>d:\demo\yexf\decode\mp3dec_d.h(39): warning C4305: “初始化”: 从“double”到“mpfloat”截断
     1>d:\demo\yexf\decode\mp3dec_d.h(40): warning C4305: “初始化”: 从“double”到“mpfloat”截断
     1>d:\demo\yexf\decode\mp3dec_d.h(40): warning C4305: “初始化”: 从“double”到“mpfloat”截断
     1>d:\demo\yexf\decode\mp3dec_d.h(40): warning C4305: “初始化”: 从“double”到“mpfloat”截断
     1>d:\demo\yexf\decode\mp3dec_d.h(40): warning C4305: “初始化”: 从“double”到“mpfloat”截断
     1>d:\demo\yexf\decode\mp3dec_d.h(41): warning C4305: “初始化”: 从“double”到“mpfloat”截断
     1>d:\demo\yexf\decode\mp3dec_d.h(41): warning C4305: “初始化”: 从“double”到“mpfloat”截断
     1>d:\demo\yexf\decode\mp3dec_d.h(41): warning C4305: “初始化”: 从“double”到“mpfloat”截断
     1>d:\demo\yexf\decode\mp3dec_d.h(41): warning C4305: “初始化”: 从“double”到“mpfloat”截断
     1>d:\demo\yexf\decode\mp3dec_d.h(42): warning C4305: “初始化”: 从“double”到“mpfloat”截断
     1>d:\demo\yexf\decode\mp3dec_d.h(42): warning C4305: “初始化”: 从“double”到“mpfloat”截断
     1>d:\demo\yexf\decode\mp3dec_d.h(42): warning C4305: “初始化”: 从“double”到“mpfloat”截断
     1>d:\demo\yexf\decode\mp3dec_d.h(42): warning C4305: “初始化”: 从“double”到“mpfloat”截断
     1>d:\demo\yexf\decode\mp3dec_d.h(43): warning C4305: “初始化”: 从“double”到“mpfloat”截断
     1>d:\demo\yexf\decode\mp3dec_d.h(43): warning C4305: “初始化”: 从“double”到“mpfloat”截断
     1>d:\demo\yexf\decode\mp3dec_d.h(43): warning C4305: “初始化”: 从“double”到“mpfloat”截断
     1>d:\demo\yexf\decode\mp3dec_d.h(43): warning C4305: “初始化”: 从“double”到“mpfloat”截断
     1>d:\demo\yexf\decode\mp3dec_d.h(44): warning C4305: “初始化”: 从“double”到“mpfloat”截断
     1>d:\demo\yexf\decode\mp3dec_d.h(44): warning C4305: “初始化”: 从“double”到“mpfloat”截断
     1>d:\demo\yexf\decode\mp3dec_d.h(44): warning C4305: “初始化”: 从“double”到“mpfloat”截断
     1>d:\demo\yexf\decode\mp3dec_d.h(44): warning C4305: “初始化”: 从“double”到“mpfloat”截断
     1>d:\demo\yexf\decode\mp3dec_d.h(45): warning C4305: “初始化”: 从“double”到“mpfloat”截断
     1>d:\demo\yexf\decode\mp3dec_d.h(45): warning C4305: “初始化”: 从“double”到“mpfloat”截断
     1>d:\demo\yexf\decode\mp3dec_d.h(45): warning C4305: “初始化”: 从“double”到“mpfloat”截断
     1>d:\demo\yexf\decode\mp3dec_d.h(45): warning C4305: “初始化”: 从“double”到“mpfloat”截断
     1>d:\demo\yexf\decode\mp3dec_d.h(46): warning C4305: “初始化”: 从“double”到“mpfloat”截断
     1>d:\demo\yexf\decode\mp3dec_d.h(46): warning C4305: “初始化”: 从“double”到“mpfloat”截断
     1>d:\demo\yexf\decode\mp3dec_d.h(46): warning C4305: “初始化”: 从“double”到“mpfloat”截断
     1>d:\demo\yexf\decode\mp3dec_d.h(46): warning C4305: “初始化”: 从“double”到“mpfloat”截断
     1>d:\demo\yexf\decode\mp3dec_d.h(47): warning C4305: “初始化”: 从“double”到“mpfloat”截断
     1>d:\demo\yexf\decode\mp3dec_d.h(47): warning C4305: “初始化”: 从“double”到“mpfloat”截断
     1>d:\demo\yexf\decode\mp3dec_d.h(47): warning C4305: “初始化”: 从“double”到“mpfloat”截断
     1>d:\demo\yexf\decode\mp3dec_d.h(47): warning C4305: “初始化”: 从“double”到“mpfloat”截断
     1>d:\demo\yexf\decode\mp3dec_d.h(48): warning C4305: “初始化”: 从“double”到“mpfloat”截断
     1>d:\demo\yexf\decode\mp3dec_d.h(48): warning C4305: “初始化”: 从“double”到“mpfloat”截断
     1>d:\demo\yexf\decode\mp3dec_d.h(48): warning C4305: “初始化”: 从“double”到“mpfloat”截断
     1>d:\demo\yexf\decode\mp3dec_d.h(48): warning C4305: “初始化”: 从“double”到“mpfloat”截断
     1>d:\demo\yexf\decode\mp3dec_d.h(49): warning C4305: “初始化”: 从“double”到“mpfloat”截断
     1>d:\demo\yexf\decode\mp3dec_d.h(49): warning C4305: “初始化”: 从“double”到“mpfloat”截断
     1>d:\demo\yexf\decode\mp3dec_d.h(49): warning C4305: “初始化”: 从“double”到“mpfloat”截断
     1>d:\demo\yexf\decode\mp3dec_d.h(49): warning C4305: “初始化”: 从“double”到“mpfloat”截断
     1>d:\demo\yexf\decode\mp3dec_d.h(50): warning C4305: “初始化”: 从“double”到“mpfloat”截断
     1>d:\demo\yexf\decode\mp3dec_d.h(50): warning C4305: “初始化”: 从“double”到“mpfloat”截断
     1>d:\demo\yexf\decode\mp3dec_d.h(50): warning C4305: “初始化”: 从“double”到“mpfloat”截断
     1>d:\demo\yexf\decode\mp3dec_d.h(50): warning C4305: “初始化”: 从“double”到“mpfloat”截断
     1>d:\demo\yexf\decode\mp3dec_d.h(51): warning C4305: “初始化”: 从“double”到“mpfloat”截断
     1>d:\demo\yexf\decode\mp3dec_d.h(51): warning C4305: “初始化”: 从“double”到“mpfloat”截断
     1>d:\demo\yexf\decode\mp3dec_d.h(51): warning C4305: “初始化”: 从“double”到“mpfloat”截断
     1>d:\demo\yexf\decode\mp3dec_d.h(51): warning C4305: “初始化”: 从“double”到“mpfloat”截断
     1>d:\demo\yexf\decode\mp3dec_d.h(52): warning C4305: “初始化”: 从“double”到“mpfloat”截断
     1>d:\demo\yexf\decode\mp3dec_d.h(52): warning C4305: “初始化”: 从“double”到“mpfloat”截断
     1>d:\demo\yexf\decode\mp3dec_d.h(52): warning C4305: “初始化”: 从“double”到“mpfloat”截断
     1>d:\demo\yexf\decode\mp3dec_d.h(52): warning C4305: “初始化”: 从“double”到“mpfloat”截断
     1>d:\demo\yexf\decode\mp3dec_d.h(53): warning C4305: “初始化”: 从“double”到“mpfloat”截断
     1>d:\demo\yexf\decode\mp3dec_d.h(53): warning C4305: “初始化”: 从“double”到“mpfloat”截断
     1>d:\demo\yexf\decode\mp3dec_d.h(53): warning C4305: “初始化”: 从“double”到“mpfloat”截断
     1>d:\demo\yexf\decode\mp3dec_d.h(53): warning C4305: “初始化”: 从“double”到“mpfloat”截断
     1>d:\demo\yexf\decode\mp3dec_d.h(54): warning C4305: “初始化”: 从“double”到“mpfloat”截断
     1>d:\demo\yexf\decode\mp3dec_d.h(54): warning C4305: “初始化”: 从“double”到“mpfloat”截断
     1>d:\demo\yexf\decode\mp3dec_d.h(54): warning C4305: “初始化”: 从“double”到“mpfloat”截断
     1>d:\demo\yexf\decode\mp3dec_d.h(54): warning C4305: “初始化”: 从“double”到“mpfloat”截断
     1>d:\demo\yexf\decode\mp3dec_d.h(55): warning C4305: “初始化”: 从“double”到“mpfloat”截断
     1>d:\demo\yexf\decode\mp3dec_d.h(55): warning C4305: “初始化”: 从“double”到“mpfloat”截断
     1>d:\demo\yexf\decode\mp3dec_d.h(55): warning C4305: “初始化”: 从“double”到“mpfloat”截断
     1>d:\demo\yexf\decode\mp3dec_d.h(55): warning C4305: “初始化”: 从“double”到“mpfloat”截断
     1>d:\demo\yexf\decode\mp3dec_d.h(56): warning C4305: “初始化”: 从“double”到“mpfloat”截断
     1>d:\demo\yexf\decode\mp3dec_d.h(56): warning C4305: “初始化”: 从“double”到“mpfloat”截断
     1>d:\demo\yexf\decode\mp3dec_d.h(56): warning C4305: “初始化”: 从“double”到“mpfloat”截断
     1>d:\demo\yexf\decode\mp3dec_d.h(56): warning C4305: “初始化”: 从“double”到“mpfloat”截断
     1>d:\demo\yexf\decode\mp3dec_d.h(57): warning C4305: “初始化”: 从“double”到“mpfloat”截断
     1>d:\demo\yexf\decode\mp3dec_d.h(57): warning C4305: “初始化”: 从“double”到“mpfloat”截断
     1>d:\demo\yexf\decode\mp3dec_d.h(57): warning C4305: “初始化”: 从“double”到“mpfloat”截断
     1>d:\demo\yexf\decode\mp3dec_d.h(57): warning C4305: “初始化”: 从“double”到“mpfloat”截断
     1>d:\demo\yexf\decode\mp3dec_d.h(58): warning C4305: “初始化”: 从“double”到“mpfloat”截断
     1>d:\demo\yexf\decode\mp3dec_d.h(58): warning C4305: “初始化”: 从“double”到“mpfloat”截断
     1>d:\demo\yexf\decode\mp3dec_d.h(58): warning C4305: “初始化”: 从“double”到“mpfloat”截断
     1>d:\demo\yexf\decode\mp3dec_d.h(58): warning C4305: “初始化”: 从“double”到“mpfloat”截断
     1>d:\demo\yexf\decode\mp3dec_d.h(59): warning C4305: “初始化”: 从“double”到“mpfloat”截断
     1>d:\demo\yexf\decode\mp3dec_d.h(59): warning C4305: “初始化”: 从“double”到“mpfloat”截断
     1>d:\demo\yexf\decode\mp3dec_d.h(59): warning C4305: “初始化”: 从“double”到“mpfloat”截断
     1>d:\demo\yexf\decode\mp3dec_d.h(59): warning C4305: “初始化”: 从“double”到“mpfloat”截断
     1>d:\demo\yexf\decode\mp3dec_d.h(60): warning C4305: “初始化”: 从“double”到“mpfloat”截断
     1>d:\demo\yexf\decode\mp3dec_d.h(60): warning C4305: “初始化”: 从“double”到“mpfloat”截断
     1>d:\demo\yexf\decode\mp3dec_d.h(60): warning C4305: “初始化”: 从“double”到“mpfloat”截断
     1>d:\demo\yexf\decode\mp3dec_d.h(60): warning C4305: “初始化”: 从“double”到“mpfloat”截断
     1>d:\demo\yexf\decode\mp3dec_d.h(61): warning C4305: “初始化”: 从“double”到“mpfloat”截断
     1>d:\demo\yexf\decode\mp3dec_d.h(61): warning C4305: “初始化”: 从“double”到“mpfloat”截断
     1>d:\demo\yexf\decode\mp3dec_d.h(61): warning C4305: “初始化”: 从“double”到“mpfloat”截断
     1>d:\demo\yexf\decode\mp3dec_d.h(61): warning C4305: “初始化”: 从“double”到“mpfloat”截断
     1>d:\demo\yexf\decode\mp3dec_d.h(62): warning C4305: “初始化”: 从“double”到“mpfloat”截断
     1>d:\demo\yexf\decode\mp3dec_d.h(62): warning C4305: “初始化”: 从“double”到“mpfloat”截断
     1>d:\demo\yexf\decode\mp3dec_d.h(62): warning C4305: “初始化”: 从“double”到“mpfloat”截断
     1>d:\demo\yexf\decode\mp3dec_d.h(62): warning C4305: “初始化”: 从“double”到“mpfloat”截断
     1>d:\demo\yexf\decode\mp3dec_d.h(63): warning C4305: “初始化”: 从“double”到“mpfloat”截断
     1>d:\demo\yexf\decode\mp3dec_d.h(63): warning C4305: “初始化”: 从“double”到“mpfloat”截断
     1>d:\demo\yexf\decode\mp3dec_d.h(63): warning C4305: “初始化”: 从“double”到“mpfloat”截断
     1>d:\demo\yexf\decode\mp3dec_d.h(63): warning C4305: “初始化”: 从“double”到“mpfloat”截断
     1>d:\demo\yexf\decode\mp3dec_d.h(64): warning C4305: “初始化”: 从“double”到“mpfloat”截断
     1>d:\demo\yexf\decode\mp3dec_d.h(64): warning C4305: “初始化”: 从“double”到“mpfloat”截断
     1>d:\demo\yexf\decode\mp3dec_d.h(64): warning C4305: “初始化”: 从“double”到“mpfloat”截断
     1>d:\demo\yexf\decode\mp3dec_d.h(64): warning C4305: “初始化”: 从“double”到“mpfloat”截断
     1>d:\demo\yexf\decode\mp3dec_d.h(65): warning C4305: “初始化”: 从“double”到“mpfloat”截断
     1>d:\demo\yexf\decode\mp3dec_d.h(65): warning C4305: “初始化”: 从“double”到“mpfloat”截断
     1>d:\demo\yexf\decode\mp3dec_d.h(65): warning C4305: “初始化”: 从“double”到“mpfloat”截断
     1>d:\demo\yexf\decode\mp3dec_d.h(65): warning C4305: “初始化”: 从“double”到“mpfloat”截断
     1>d:\demo\yexf\decode\mp3dec_d.h(66): warning C4305: “初始化”: 从“double”到“mpfloat”截断
     1>d:\demo\yexf\decode\mp3dec_d.h(66): warning C4305: “初始化”: 从“double”到“mpfloat”截断
     1>d:\demo\yexf\decode\mp3dec_d.h(66): warning C4305: “初始化”: 从“double”到“mpfloat”截断
     1>d:\demo\yexf\decode\mp3dec_d.h(66): warning C4305: “初始化”: 从“double”到“mpfloat”截断
     1>d:\demo\yexf\decode\mp3dec_d.h(67): warning C4305: “初始化”: 从“double”到“mpfloat”截断
     1>d:\demo\yexf\decode\mp3dec_d.h(67): warning C4305: “初始化”: 从“double”到“mpfloat”截断
     1>d:\demo\yexf\decode\mp3dec_d.h(67): warning C4305: “初始化”: 从“double”到“mpfloat”截断
     1>d:\demo\yexf\decode\mp3dec_d.h(67): warning C4305: “初始化”: 从“double”到“mpfloat”截断
     1>d:\demo\yexf\decode\mp3dec_d.h(68): warning C4305: “初始化”: 从“double”到“mpfloat”截断
     1>d:\demo\yexf\decode\mp3dec_d.h(68): warning C4305: “初始化”: 从“double”到“mpfloat”截断
     1>d:\demo\yexf\decode\mp3dec_d.h(68): warning C4305: “初始化”: 从“double”到“mpfloat”截断
     1>d:\demo\yexf\decode\mp3dec_d.h(68): warning C4305: “初始化”: 从“double”到“mpfloat”截断
     1>d:\demo\yexf\decode\mp3dec_d.h(69): warning C4305: “初始化”: 从“double”到“mpfloat”截断
     1>d:\demo\yexf\decode\mp3dec_d.h(69): warning C4305: “初始化”: 从“double”到“mpfloat”截断
     1>d:\demo\yexf\decode\mp3dec_d.h(69): warning C4305: “初始化”: 从“double”到“mpfloat”截断
     1>d:\demo\yexf\decode\mp3dec_d.h(69): warning C4305: “初始化”: 从“double”到“mpfloat”截断
     1>d:\demo\yexf\decode\mp3dec_d.h(70): warning C4305: “初始化”: 从“double”到“mpfloat”截断
     1>d:\demo\yexf\decode\mp3dec_d.h(70): warning C4305: “初始化”: 从“double”到“mpfloat”截断
     1>d:\demo\yexf\decode\mp3dec_d.h(70): warning C4305: “初始化”: 从“double”到“mpfloat”截断
     1>d:\demo\yexf\decode\mp3dec_d.h(70): warning C4305: “初始化”: 从“double”到“mpfloat”截断
     1>d:\demo\yexf\decode\mp3dec_d.h(71): warning C4305: “初始化”: 从“double”到“mpfloat”截断
     1>d:\demo\yexf\decode\mp3dec_d.h(71): warning C4305: “初始化”: 从“double”到“mpfloat”截断
     1>d:\demo\yexf\decode\mp3dec_d.h(71): warning C4305: “初始化”: 从“double”到“mpfloat”截断
     1>d:\demo\yexf\decode\mp3dec_d.h(71): warning C4305: “初始化”: 从“double”到“mpfloat”截断
     1>d:\demo\yexf\decode\mp3dec_d.h(72): warning C4305: “初始化”: 从“double”到“mpfloat”截断
     1>d:\demo\yexf\decode\mp3dec_d.h(72): warning C4305: “初始化”: 从“double”到“mpfloat”截断
     1>d:\demo\yexf\decode\mp3dec_d.h(72): warning C4305: “初始化”: 从“double”到“mpfloat”截断
     1>d:\demo\yexf\decode\mp3dec_d.h(72): warning C4305: “初始化”: 从“double”到“mpfloat”截断
     1>d:\demo\yexf\decode\mp3dec_d.h(73): warning C4305: “初始化”: 从“double”到“mpfloat”截断
     1>d:\demo\yexf\decode\mp3dec_d.h(73): warning C4305: “初始化”: 从“double”到“mpfloat”截断
     1>d:\demo\yexf\decode\mp3dec_d.h(73): warning C4305: “初始化”: 从“double”到“mpfloat”截断
     1>d:\demo\yexf\decode\mp3dec_d.h(73): warning C4305: “初始化”: 从“double”到“mpfloat”截断
     1>d:\demo\yexf\decode\mp3dec_d.h(74): warning C4305: “初始化”: 从“double”到“mpfloat”截断
     1>d:\demo\yexf\decode\mp3dec_d.h(74): warning C4305: “初始化”: 从“double”到“mpfloat”截断
     1>d:\demo\yexf\decode\mp3dec_d.h(74): warning C4305: “初始化”: 从“double”到“mpfloat”截断
     1>d:\demo\yexf\decode\mp3dec_d.h(74): warning C4305: “初始化”: 从“double”到“mpfloat”截断
     1>d:\demo\yexf\decode\mp3dec_d.h(75): warning C4305: “初始化”: 从“double”到“mpfloat”截断
     1>d:\demo\yexf\decode\mp3dec_d.h(75): warning C4305: “初始化”: 从“double”到“mpfloat”截断
     1>d:\demo\yexf\decode\mp3dec_d.h(75): warning C4305: “初始化”: 从“double”到“mpfloat”截断
     1>d:\demo\yexf\decode\mp3dec_d.h(75): warning C4305: “初始化”: 从“double”到“mpfloat”截断
     1>d:\demo\yexf\decode\mp3dec_d.h(76): warning C4305: “初始化”: 从“double”到“mpfloat”截断
     1>d:\demo\yexf\decode\mp3dec_d.h(76): warning C4305: “初始化”: 从“double”到“mpfloat”截断
     1>d:\demo\yexf\decode\mp3dec_d.h(76): warning C4305: “初始化”: 从“double”到“mpfloat”截断
     1>d:\demo\yexf\decode\mp3dec_d.h(76): warning C4305: “初始化”: 从“double”到“mpfloat”截断
     1>d:\demo\yexf\decode\mp3dec_d.h(77): warning C4305: “初始化”: 从“double”到“mpfloat”截断
     1>d:\demo\yexf\decode\mp3dec_d.h(77): warning C4305: “初始化”: 从“double”到“mpfloat”截断
     1>d:\demo\yexf\decode\mp3dec_d.h(77): warning C4305: “初始化”: 从“double”到“mpfloat”截断
     1>d:\demo\yexf\decode\mp3dec_d.h(77): warning C4305: “初始化”: 从“double”到“mpfloat”截断
     1>d:\demo\yexf\decode\mp3dec_d.h(78): warning C4305: “初始化”: 从“double”到“mpfloat”截断
     1>d:\demo\yexf\decode\mp3dec_d.h(78): warning C4305: “初始化”: 从“double”到“mpfloat”截断
     1>d:\demo\yexf\decode\mp3dec_d.h(78): warning C4305: “初始化”: 从“double”到“mpfloat”截断
     1>d:\demo\yexf\decode\mp3dec_d.h(78): warning C4305: “初始化”: 从“double”到“mpfloat”截断
     1>d:\demo\yexf\decode\mp3dec_d.h(79): warning C4305: “初始化”: 从“double”到“mpfloat”截断
     1>d:\demo\yexf\decode\mp3dec_d.h(79): warning C4305: “初始化”: 从“double”到“mpfloat”截断
     1>d:\demo\yexf\decode\mp3dec_d.h(79): warning C4305: “初始化”: 从“double”到“mpfloat”截断
     1>d:\demo\yexf\decode\mp3dec_d.h(79): warning C4305: “初始化”: 从“double”到“mpfloat”截断
     1>d:\demo\yexf\decode\mp3dec_d.h(80): warning C4305: “初始化”: 从“double”到“mpfloat”截断
     1>d:\demo\yexf\decode\mp3dec_d.h(80): warning C4305: “初始化”: 从“double”到“mpfloat”截断
     1>d:\demo\yexf\decode\mp3dec_d.h(80): warning C4305: “初始化”: 从“double”到“mpfloat”截断
     1>d:\demo\yexf\decode\mp3dec_d.h(80): warning C4305: “初始化”: 从“double”到“mpfloat”截断
     1>d:\demo\yexf\decode\mp3dec_d.h(81): warning C4305: “初始化”: 从“double”到“mpfloat”截断
     1>d:\demo\yexf\decode\mp3dec_d.h(81): warning C4305: “初始化”: 从“double”到“mpfloat”截断
     1>d:\demo\yexf\decode\mp3dec_d.h(81): warning C4305: “初始化”: 从“double”到“mpfloat”截断
     1>d:\demo\yexf\decode\mp3dec_d.h(81): warning C4305: “初始化”: 从“double”到“mpfloat”截断
     1>d:\demo\yexf\decode\mp3dec_d.h(82): warning C4305: “初始化”: 从“double”到“mpfloat”截断
     1>d:\demo\yexf\decode\mp3dec_d.h(82): warning C4305: “初始化”: 从“double”到“mpfloat”截断
     1>d:\demo\yexf\decode\mp3dec_d.h(82): warning C4305: “初始化”: 从“double”到“mpfloat”截断
     1>d:\demo\yexf\decode\mp3dec_d.h(82): warning C4305: “初始化”: 从“double”到“mpfloat”截断
     1>d:\demo\yexf\decode\mp3dec_d.h(83): warning C4305: “初始化”: 从“double”到“mpfloat”截断
     1>d:\demo\yexf\decode\mp3dec_d.h(83): warning C4305: “初始化”: 从“double”到“mpfloat”截断
     1>d:\demo\yexf\decode\mp3dec_d.h(83): warning C4305: “初始化”: 从“double”到“mpfloat”截断
     1>d:\demo\yexf\decode\mp3dec_d.h(83): warning C4305: “初始化”: 从“double”到“mpfloat”截断
     1>d:\demo\yexf\decode\mp3dec_d.h(84): warning C4305: “初始化”: 从“double”到“mpfloat”截断
     1>d:\demo\yexf\decode\mp3dec_d.h(84): warning C4305: “初始化”: 从“double”到“mpfloat”截断
     1>d:\demo\yexf\decode\mp3dec_d.h(84): warning C4305: “初始化”: 从“double”到“mpfloat”截断
     1>d:\demo\yexf\decode\mp3dec_d.h(84): warning C4305: “初始化”: 从“double”到“mpfloat”截断
     1>d:\demo\yexf\decode\mp3dec_d.h(85): warning C4305: “初始化”: 从“double”到“mpfloat”截断
     1>d:\demo\yexf\decode\mp3dec_d.h(85): warning C4305: “初始化”: 从“double”到“mpfloat”截断
     1>d:\demo\yexf\decode\mp3dec_d.h(85): warning C4305: “初始化”: 从“double”到“mpfloat”截断
     1>d:\demo\yexf\decode\mp3dec_d.h(85): warning C4305: “初始化”: 从“double”到“mpfloat”截断
     1>d:\demo\yexf\decode\mp3dec_d.h(86): warning C4305: “初始化”: 从“double”到“mpfloat”截断
     1>d:\demo\yexf\decode\mp3dec_d.h(86): warning C4305: “初始化”: 从“double”到“mpfloat”截断
     1>d:\demo\yexf\decode\mp3dec_d.h(86): warning C4305: “初始化”: 从“double”到“mpfloat”截断
     1>d:\demo\yexf\decode\mp3dec_d.h(86): warning C4305: “初始化”: 从“double”到“mpfloat”截断
     1>d:\demo\yexf\decode\mp3dec_d.h(87): warning C4305: “初始化”: 从“double”到“mpfloat”截断
     1>d:\demo\yexf\decode\mp3dec_d.h(87): warning C4305: “初始化”: 从“double”到“mpfloat”截断
     1>d:\demo\yexf\decode\mp3dec_d.h(87): warning C4305: “初始化”: 从“double”到“mpfloat”截断
     1>d:\demo\yexf\decode\mp3dec_d.h(87): warning C4305: “初始化”: 从“double”到“mpfloat”截断
     1>d:\demo\yexf\decode\mp3dec_d.h(88): warning C4305: “初始化”: 从“double”到“mpfloat”截断
     1>d:\demo\yexf\decode\mp3dec_d.h(88): warning C4305: “初始化”: 从“double”到“mpfloat”截断
     1>d:\demo\yexf\decode\mp3dec_d.h(88): warning C4305: “初始化”: 从“double”到“mpfloat”截断
     1>d:\demo\yexf\decode\mp3dec_d.h(88): warning C4305: “初始化”: 从“double”到“mpfloat”截断
     1>d:\demo\yexf\decode\mp3dec_d.h(89): warning C4305: “初始化”: 从“double”到“mpfloat”截断
     1>d:\demo\yexf\decode\mp3dec_d.h(89): warning C4305: “初始化”: 从“double”到“mpfloat”截断
     1>d:\demo\yexf\decode\mp3dec_d.h(89): warning C4305: “初始化”: 从“double”到“mpfloat”截断
     1>d:\demo\yexf\decode\mp3dec_d.h(89): warning C4305: “初始化”: 从“double”到“mpfloat”截断
     1>d:\demo\yexf\decode\mp3dec_d.h(90): warning C4305: “初始化”: 从“double”到“mpfloat”截断
     1>d:\demo\yexf\decode\mp3dec_d.h(90): warning C4305: “初始化”: 从“double”到“mpfloat”截断
     1>d:\demo\yexf\decode\mp3dec_d.h(90): warning C4305: “初始化”: 从“double”到“mpfloat”截断
     1>d:\demo\yexf\decode\mp3dec_d.h(90): warning C4305: “初始化”: 从“double”到“mpfloat”截断
     1>d:\demo\yexf\decode\mp3dec_d.h(91): warning C4305: “初始化”: 从“double”到“mpfloat”截断
     1>d:\demo\yexf\decode\mp3dec_d.h(91): warning C4305: “初始化”: 从“double”到“mpfloat”截断
     1>d:\demo\yexf\decode\mp3dec_d.h(91): warning C4305: “初始化”: 从“double”到“mpfloat”截断
     1>d:\demo\yexf\decode\mp3dec_d.h(91): warning C4305: “初始化”: 从“double”到“mpfloat”截断
     1>d:\demo\yexf\decode\mp3dec_d.h(92): warning C4305: “初始化”: 从“double”到“mpfloat”截断
     1>d:\demo\yexf\decode\mp3dec_d.h(92): warning C4305: “初始化”: 从“double”到“mpfloat”截断
     1>d:\demo\yexf\decode\mp3dec_d.h(92): warning C4305: “初始化”: 从“double”到“mpfloat”截断
     1>d:\demo\yexf\decode\mp3dec_d.h(92): warning C4305: “初始化”: 从“double”到“mpfloat”截断
     1>d:\demo\yexf\decode\mp3dec_d.h(93): warning C4305: “初始化”: 从“double”到“mpfloat”截断
     1>d:\demo\yexf\decode\mp3dec_d.h(93): warning C4305: “初始化”: 从“double”到“mpfloat”截断
     1>d:\demo\yexf\decode\mp3dec_d.h(93): warning C4305: “初始化”: 从“double”到“mpfloat”截断
     1>d:\demo\yexf\decode\mp3dec_d.h(93): warning C4305: “初始化”: 从“double”到“mpfloat”截断
     1>d:\demo\yexf\decode\mp3dec_d.h(94): warning C4305: “初始化”: 从“double”到“mpfloat”截断
     1>d:\demo\yexf\decode\mp3dec_d.h(94): warning C4305: “初始化”: 从“double”到“mpfloat”截断
     1>d:\demo\yexf\decode\mp3dec_d.h(94): warning C4305: “初始化”: 从“double”到“mpfloat”截断
     1>d:\demo\yexf\decode\mp3dec_d.h(94): warning C4305: “初始化”: 从“double”到“mpfloat”截断
     1>d:\demo\yexf\decode\mp3dec_d.h(95): warning C4305: “初始化”: 从“double”到“mpfloat”截断
     1>d:\demo\yexf\decode\mp3dec_d.h(95): warning C4305: “初始化”: 从“double”到“mpfloat”截断
     1>d:\demo\yexf\decode\mp3dec_d.h(95): warning C4305: “初始化”: 从“double”到“mpfloat”截断
     1>d:\demo\yexf\decode\mp3dec_d.h(95): warning C4305: “初始化”: 从“double”到“mpfloat”截断
     1>d:\demo\yexf\decode\mp3dec_d.h(96): warning C4305: “初始化”: 从“double”到“mpfloat”截断
     1>d:\demo\yexf\decode\mp3dec_d.h(96): warning C4305: “初始化”: 从“double”到“mpfloat”截断
     1>d:\demo\yexf\decode\mp3dec_d.h(96): warning C4305: “初始化”: 从“double”到“mpfloat”截断
     1>d:\demo\yexf\decode\mp3dec_d.h(96): warning C4305: “初始化”: 从“double”到“mpfloat”截断
     1>d:\demo\yexf\decode\mp3dec_d.h(97): warning C4305: “初始化”: 从“double”到“mpfloat”截断
     1>d:\demo\yexf\decode\mp3dec_d.h(97): warning C4305: “初始化”: 从“double”到“mpfloat”截断
     1>d:\demo\yexf\decode\mp3dec_d.h(97): warning C4305: “初始化”: 从“double”到“mpfloat”截断
     1>d:\demo\yexf\decode\mp3dec_d.h(97): warning C4305: “初始化”: 从“double”到“mpfloat”截断
     1>d:\demo\yexf\decode\mp3dec_d.h(98): warning C4305: “初始化”: 从“double”到“mpfloat”截断
     1>d:\demo\yexf\decode\mp3dec_d.h(98): warning C4305: “初始化”: 从“double”到“mpfloat”截断
     1>d:\demo\yexf\decode\mp3dec_d.h(98): warning C4305: “初始化”: 从“double”到“mpfloat”截断
     1>d:\demo\yexf\decode\mp3dec_d.h(98): warning C4305: “初始化”: 从“double”到“mpfloat”截断
     1>d:\demo\yexf\decode\mp3dec_d.h(99): warning C4305: “初始化”: 从“double”到“mpfloat”截断
     1>d:\demo\yexf\decode\mp3dec_d.h(99): warning C4305: “初始化”: 从“double”到“mpfloat”截断
     1>d:\demo\yexf\decode\mp3dec_d.h(99): warning C4305: “初始化”: 从“double”到“mpfloat”截断
     1>d:\demo\yexf\decode\mp3dec_d.h(99): warning C4305: “初始化”: 从“double”到“mpfloat”截断
     1>d:\demo\yexf\decode\mp3dec_d.h(100): warning C4305: “初始化”: 从“double”到“mpfloat”截断
     1>d:\demo\yexf\decode\mp3dec_d.h(100): warning C4305: “初始化”: 从“double”到“mpfloat”截断
     1>d:\demo\yexf\decode\mp3dec_d.h(100): warning C4305: “初始化”: 从“double”到“mpfloat”截断
     1>d:\demo\yexf\decode\mp3dec_d.h(100): warning C4305: “初始化”: 从“double”到“mpfloat”截断
     1>d:\demo\yexf\decode\mp3dec_d.h(101): warning C4305: “初始化”: 从“double”到“mpfloat”截断
     1>d:\demo\yexf\decode\mp3dec_d.h(101): warning C4305: “初始化”: 从“double”到“mpfloat”截断
     1>d:\demo\yexf\decode\mp3dec_d.h(101): warning C4305: “初始化”: 从“double”到“mpfloat”截断
     1>d:\demo\yexf\decode\mp3dec_d.h(101): warning C4305: “初始化”: 从“double”到“mpfloat”截断
     1>d:\demo\yexf\decode\mp3dec_d.h(102): warning C4305: “初始化”: 从“double”到“mpfloat”截断
     1>d:\demo\yexf\decode\mp3dec_d.h(102): warning C4305: “初始化”: 从“double”到“mpfloat”截断
     1>d:\demo\yexf\decode\mp3dec_d.h(102): warning C4305: “初始化”: 从“double”到“mpfloat”截断
     1>d:\demo\yexf\decode\mp3dec_d.h(102): warning C4305: “初始化”: 从“double”到“mpfloat”截断
     1>d:\demo\yexf\decode\mp3dec_d.h(103): warning C4305: “初始化”: 从“double”到“mpfloat”截断
     1>d:\demo\yexf\decode\mp3dec_d.h(103): warning C4305: “初始化”: 从“double”到“mpfloat”截断
     1>d:\demo\yexf\decode\mp3dec_d.h(103): warning C4305: “初始化”: 从“double”到“mpfloat”截断
     1>d:\demo\yexf\decode\mp3dec_d.h(103): warning C4305: “初始化”: 从“double”到“mpfloat”截断
     1>d:\demo\yexf\decode\mp3dec_d.h(104): warning C4305: “初始化”: 从“double”到“mpfloat”截断
     1>d:\demo\yexf\decode\mp3dec_d.h(104): warning C4305: “初始化”: 从“double”到“mpfloat”截断
     1>d:\demo\yexf\decode\mp3dec_d.h(104): warning C4305: “初始化”: 从“double”到“mpfloat”截断
     1>d:\demo\yexf\decode\mp3dec_d.h(104): warning C4305: “初始化”: 从“double”到“mpfloat”截断
     1>d:\demo\yexf\decode\mp3dec_d.h(105): warning C4305: “初始化”: 从“double”到“mpfloat”截断
     1>d:\demo\yexf\decode\mp3dec_d.h(105): warning C4305: “初始化”: 从“double”到“mpfloat”截断
     1>d:\demo\yexf\decode\mp3dec_d.h(105): warning C4305: “初始化”: 从“double”到“mpfloat”截断
     1>d:\demo\yexf\decode\mp3dec_d.h(105): warning C4305: “初始化”: 从“double”到“mpfloat”截断
     1>d:\demo\yexf\decode\mp3dec_d.h(106): warning C4305: “初始化”: 从“double”到“mpfloat”截断
     1>d:\demo\yexf\decode\mp3dec_d.h(106): warning C4305: “初始化”: 从“double”到“mpfloat”截断
     1>d:\demo\yexf\decode\mp3dec_d.h(106): warning C4305: “初始化”: 从“double”到“mpfloat”截断
     1>d:\demo\yexf\decode\mp3dec_d.h(106): warning C4305: “初始化”: 从“double”到“mpfloat”截断
     1>d:\demo\yexf\decode\mp3dec_d.h(107): warning C4305: “初始化”: 从“double”到“mpfloat”截断
     1>d:\demo\yexf\decode\mp3dec_d.h(107): warning C4305: “初始化”: 从“double”到“mpfloat”截断
     1>d:\demo\yexf\decode\mp3dec_d.h(107): warning C4305: “初始化”: 从“double”到“mpfloat”截断
     1>d:\demo\yexf\decode\mp3dec_d.h(107): warning C4305: “初始化”: 从“double”到“mpfloat”截断
     1>d:\demo\yexf\decode\mp3dec_d.h(108): warning C4305: “初始化”: 从“double”到“mpfloat”截断
     1>d:\demo\yexf\decode\mp3dec_d.h(108): warning C4305: “初始化”: 从“double”到“mpfloat”截断
     1>d:\demo\yexf\decode\mp3dec_d.h(108): warning C4305: “初始化”: 从“double”到“mpfloat”截断
     1>d:\demo\yexf\decode\mp3dec_d.h(108): warning C4305: “初始化”: 从“double”到“mpfloat”截断
     1>d:\demo\yexf\decode\mp3dec_d.h(109): warning C4305: “初始化”: 从“double”到“mpfloat”截断
     1>d:\demo\yexf\decode\mp3dec_d.h(109): warning C4305: “初始化”: 从“double”到“mpfloat”截断
     1>d:\demo\yexf\decode\mp3dec_d.h(109): warning C4305: “初始化”: 从“double”到“mpfloat”截断
     1>d:\demo\yexf\decode\mp3dec_d.h(109): warning C4305: “初始化”: 从“double”到“mpfloat”截断
     1>d:\demo\yexf\decode\mp3dec_d.h(110): warning C4305: “初始化”: 从“double”到“mpfloat”截断
     1>d:\demo\yexf\decode\mp3dec_d.h(110): warning C4305: “初始化”: 从“double”到“mpfloat”截断
     1>d:\demo\yexf\decode\mp3dec_d.h(110): warning C4305: “初始化”: 从“double”到“mpfloat”截断
     1>d:\demo\yexf\decode\mp3dec_d.h(110): warning C4305: “初始化”: 从“double”到“mpfloat”截断
     1>d:\demo\yexf\decode\mp3dec_d.h(111): warning C4305: “初始化”: 从“double”到“mpfloat”截断
     1>d:\demo\yexf\decode\mp3dec_d.h(111): warning C4305: “初始化”: 从“double”到“mpfloat”截断
     1>d:\demo\yexf\decode\mp3dec_d.h(111): warning C4305: “初始化”: 从“double”到“mpfloat”截断
     1>d:\demo\yexf\decode\mp3dec_d.h(111): warning C4305: “初始化”: 从“double”到“mpfloat”截断
     1>d:\demo\yexf\decode\mp3dec_d.h(112): warning C4305: “初始化”: 从“double”到“mpfloat”截断
     1>d:\demo\yexf\decode\mp3dec_d.h(112): warning C4305: “初始化”: 从“double”到“mpfloat”截断
     1>d:\demo\yexf\decode\mp3dec_d.h(112): warning C4305: “初始化”: 从“double”到“mpfloat”截断
     1>d:\demo\yexf\decode\mp3dec_d.h(112): warning C4305: “初始化”: 从“double”到“mpfloat”截断
     1>d:\demo\yexf\decode\mp3dec_d.h(113): warning C4305: “初始化”: 从“double”到“mpfloat”截断
     1>d:\demo\yexf\decode\mp3dec_d.h(113): warning C4305: “初始化”: 从“double”到“mpfloat”截断
     1>d:\demo\yexf\decode\mp3dec_d.h(113): warning C4305: “初始化”: 从“double”到“mpfloat”截断
     1>d:\demo\yexf\decode\mp3dec_d.h(113): warning C4305: “初始化”: 从“double”到“mpfloat”截断
     1>d:\demo\yexf\decode\mp3dec_d.h(114): warning C4305: “初始化”: 从“double”到“mpfloat”截断
     1>d:\demo\yexf\decode\mp3dec_d.h(114): warning C4305: “初始化”: 从“double”到“mpfloat”截断
     1>d:\demo\yexf\decode\mp3dec_d.h(114): warning C4305: “初始化”: 从“double”到“mpfloat”截断
     1>d:\demo\yexf\decode\mp3dec_d.h(114): warning C4305: “初始化”: 从“double”到“mpfloat”截断
     1>d:\demo\yexf\decode\mp3dec_d.h(115): warning C4305: “初始化”: 从“double”到“mpfloat”截断
     1>d:\demo\yexf\decode\mp3dec_d.h(115): warning C4305: “初始化”: 从“double”到“mpfloat”截断
     1>d:\demo\yexf\decode\mp3dec_d.h(115): warning C4305: “初始化”: 从“double”到“mpfloat”截断
     1>d:\demo\yexf\decode\mp3dec_d.h(115): warning C4305: “初始化”: 从“double”到“mpfloat”截断
     1>d:\demo\yexf\decode\mp3dec_d.h(116): warning C4305: “初始化”: 从“double”到“mpfloat”截断
     1>d:\demo\yexf\decode\mp3dec_d.h(116): warning C4305: “初始化”: 从“double”到“mpfloat”截断
     1>d:\demo\yexf\decode\mp3dec_d.h(116): warning C4305: “初始化”: 从“double”到“mpfloat”截断
     1>d:\demo\yexf\decode\mp3dec_d.h(116): warning C4305: “初始化”: 从“double”到“mpfloat”截断
     1>d:\demo\yexf\decode\mp3dec_d.h(117): warning C4305: “初始化”: 从“double”到“mpfloat”截断
     1>d:\demo\yexf\decode\mp3dec_d.h(117): warning C4305: “初始化”: 从“double”到“mpfloat”截断
     1>d:\demo\yexf\decode\mp3dec_d.h(117): warning C4305: “初始化”: 从“double”到“mpfloat”截断
     1>d:\demo\yexf\decode\mp3dec_d.h(117): warning C4305: “初始化”: 从“double”到“mpfloat”截断
     1>d:\demo\yexf\decode\mp3dec_d.h(118): warning C4305: “初始化”: 从“double”到“mpfloat”截断
     1>d:\demo\yexf\decode\mp3dec_d.h(118): warning C4305: “初始化”: 从“double”到“mpfloat”截断
     1>d:\demo\yexf\decode\mp3dec_d.h(118): warning C4305: “初始化”: 从“double”到“mpfloat”截断
     1>d:\demo\yexf\decode\mp3dec_d.h(118): warning C4305: “初始化”: 从“double”到“mpfloat”截断
     1>d:\demo\yexf\decode\mp3dec_d.h(119): warning C4305: “初始化”: 从“double”到“mpfloat”截断
     1>d:\demo\yexf\decode\mp3dec_d.h(119): warning C4305: “初始化”: 从“double”到“mpfloat”截断
     1>d:\demo\yexf\decode\mp3dec_d.h(119): warning C4305: “初始化”: 从“double”到“mpfloat”截断
     1>d:\demo\yexf\decode\mp3dec_d.h(119): warning C4305: “初始化”: 从“double”到“mpfloat”截断
     1>d:\demo\yexf\decode\mp3dec_d.h(120): warning C4305: “初始化”: 从“double”到“mpfloat”截断
     1>d:\demo\yexf\decode\mp3dec_d.h(120): warning C4305: “初始化”: 从“double”到“mpfloat”截断
     1>d:\demo\yexf\decode\mp3dec_d.h(120): warning C4305: “初始化”: 从“double”到“mpfloat”截断
     1>d:\demo\yexf\decode\mp3dec_d.h(120): warning C4305: “初始化”: 从“double”到“mpfloat”截断
     1>d:\demo\yexf\decode\mp3dec_d.h(121): warning C4305: “初始化”: 从“double”到“mpfloat”截断
     1>d:\demo\yexf\decode\mp3dec_d.h(121): warning C4305: “初始化”: 从“double”到“mpfloat”截断
     1>d:\demo\yexf\decode\mp3dec_d.h(121): warning C4305: “初始化”: 从“double”到“mpfloat”截断
     1>d:\demo\yexf\decode\mp3dec_d.h(121): warning C4305: “初始化”: 从“double”到“mpfloat”截断
     1>d:\demo\yexf\decode\mp3dec_d.h(122): warning C4305: “初始化”: 从“double”到“mpfloat”截断
     1>d:\demo\yexf\decode\mp3dec_d.h(122): warning C4305: “初始化”: 从“double”到“mpfloat”截断
     1>d:\demo\yexf\decode\mp3dec_d.h(122): warning C4305: “初始化”: 从“double”到“mpfloat”截断
     1>d:\demo\yexf\decode\mp3dec_d.h(122): warning C4305: “初始化”: 从“double”到“mpfloat”截断
     1>d:\demo\yexf\decode\mp3dec_d.h(123): warning C4305: “初始化”: 从“double”到“mpfloat”截断
     1>d:\demo\yexf\decode\mp3dec_d.h(123): warning C4305: “初始化”: 从“double”到“mpfloat”截断
     1>d:\demo\yexf\decode\mp3dec_d.h(123): warning C4305: “初始化”: 从“double”到“mpfloat”截断
     1>d:\demo\yexf\decode\mp3dec_d.h(123): warning C4305: “初始化”: 从“double”到“mpfloat”截断
     1>d:\demo\yexf\decode\mp3dec_d.h(124): warning C4305: “初始化”: 从“double”到“mpfloat”截断
     1>d:\demo\yexf\decode\mp3dec_d.h(124): warning C4305: “初始化”: 从“double”到“mpfloat”截断
     1>d:\demo\yexf\decode\mp3dec_d.h(124): warning C4305: “初始化”: 从“double”到“mpfloat”截断
     1>d:\demo\yexf\decode\mp3dec_d.h(124): warning C4305: “初始化”: 从“double”到“mpfloat”截断
     1>d:\demo\yexf\decode\mp3dec_d.h(125): warning C4305: “初始化”: 从“double”到“mpfloat”截断
     1>d:\demo\yexf\decode\mp3dec_d.h(125): warning C4305: “初始化”: 从“double”到“mpfloat”截断
     1>d:\demo\yexf\decode\mp3dec_d.h(125): warning C4305: “初始化”: 从“double”到“mpfloat”截断
     1>d:\demo\yexf\decode\mp3dec_d.h(125): warning C4305: “初始化”: 从“double”到“mpfloat”截断
     1>d:\demo\yexf\decode\mp3dec_d.h(126): warning C4305: “初始化”: 从“double”到“mpfloat”截断
     1>d:\demo\yexf\decode\mp3dec_d.h(126): warning C4305: “初始化”: 从“double”到“mpfloat”截断
     1>d:\demo\yexf\decode\mp3dec_d.h(126): warning C4305: “初始化”: 从“double”到“mpfloat”截断
     1>d:\demo\yexf\decode\mp3dec_d.h(126): warning C4305: “初始化”: 从“double”到“mpfloat”截断
     1>d:\demo\yexf\decode\mp3dec_d.h(127): warning C4305: “初始化”: 从“double”到“mpfloat”截断
     1>d:\demo\yexf\decode\mp3dec_d.h(127): warning C4305: “初始化”: 从“double”到“mpfloat”截断
     1>d:\demo\yexf\decode\mp3dec_d.h(127): warning C4305: “初始化”: 从“double”到“mpfloat”截断
     1>d:\demo\yexf\decode\mp3dec_d.h(127): warning C4305: “初始化”: 从“double”到“mpfloat”截断
     1>d:\demo\yexf\decode\mp3dec_d.h(128): warning C4305: “初始化”: 从“double”到“mpfloat”截断
     1>d:\demo\yexf\decode\mp3dec_d.h(128): warning C4305: “初始化”: 从“double”到“mpfloat”截断
     1>d:\demo\yexf\decode\mp3dec_d.h(128): warning C4305: “初始化”: 从“double”到“mpfloat”截断
     1>d:\demo\yexf\decode\mp3dec_d.h(128): warning C4305: “初始化”: 从“double”到“mpfloat”截断
     1>d:\demo\yexf\decode\mp3dec_d.h(129): warning C4305: “初始化”: 从“double”到“mpfloat”截断
     1>d:\demo\yexf\decode\mp3dec_d.h(129): warning C4305: “初始化”: 从“double”到“mpfloat”截断
     1>d:\demo\yexf\decode\mp3dec_d.h(129): warning C4305: “初始化”: 从“double”到“mpfloat”截断
     1>d:\demo\yexf\decode\mp3dec_d.h(130): warning C4305: “初始化”: 从“double”到“mpfloat”截断
     1>d:\demo\yexf\decode\mp3dec.c(653): warning C4244: “=”: 从“double”转换到“float”，可能丢失数据
     1>d:\demo\yexf\decode\mp3dec.c(613): warning C4101: “x2”: 未引用的局部变量
     1>d:\demo\yexf\decode\mp3dec.c(613): warning C4101: “k”: 未引用的局部变量
     1>d:\demo\yexf\decode\mp3dec.c(613): warning C4101: “x1”: 未引用的局部变量
     1>d:\demo\yexf\decode\mp3dec.c(613): warning C4101: “m”: 未引用的局部变量
     1>d:\demo\yexf\decode\mp3dec.c(1270): warning C4244: “=”: 从“double”转换到“mpfloat”，可能丢失数据
     1>d:\demo\yexf\decode\mp3dec.c(1308): warning C4244: “=”: 从“double”转换到“mpfloat”，可能丢失数据
     1>d:\demo\yexf\decode\mp3dec.c(1343): warning C4244: “=”: 从“double”转换到“mpfloat”，可能丢失数据
     1>d:\demo\yexf\decode\mp3dec.c(1383): warning C4244: “=”: 从“double”转换到“mpfloat”，可能丢失数据
     1>d:\demo\yexf\decode\mp3dec.c(1408): warning C4244: “=”: 从“double”转换到“mpfloat”，可能丢失数据
     1>d:\demo\yexf\decode\mp3dec.c(1409): warning C4244: “=”: 从“double”转换到“mpfloat”，可能丢失数据
     1>d:\demo\yexf\decode\mp3dec.c(1557): warning C4101: “a”: 未引用的局部变量
     1>d:\demo\yexf\decode\mp3dec.c(1557): warning C4101: “b”: 未引用的局部变量
     1>d:\demo\yexf\decode\mp3dec.c(1557): warning C4101: “sum”: 未引用的局部变量
     1>d:\demo\yexf\decode\mp3dec.c(1555): warning C4101: “k”: 未引用的局部变量
     1>d:\demo\yexf\decode\mp3dec.c(1555): warning C4101: “j”: 未引用的局部变量
     1>d:\demo\yexf\decode\mp3dec.c(1610): warning C4101: “a”: 未引用的局部变量
     1>d:\demo\yexf\decode\mp3dec.c(1610): warning C4101: “b”: 未引用的局部变量
     1>d:\demo\yexf\decode\mp3dec.c(1610): warning C4101: “sum”: 未引用的局部变量
     1>d:\demo\yexf\decode\mp3dec.c(1608): warning C4101: “k”: 未引用的局部变量
     1>d:\demo\yexf\decode\mp3dec.c(1610): warning C4101: “sum2”: 未引用的局部变量
     1>d:\demo\yexf\decode\mp3dec.c(1608): warning C4101: “j”: 未引用的局部变量
     1>d:\demo\yexf\decode\mp3dec.c(1837): warning C4996: 'fopen': This function or variable may be unsafe. Consider using fopen_s instead. To disable deprecation, use _CRT_SECURE_NO_WARNINGS. See online help for details.
                 c:\program files\microsoft visual studio 10.0\vc\include\stdio.h(234) : 参见“fopen”的声明
     1>d:\demo\yexf\decode\mp3dec.c(1885): warning C4101: “i”: 未引用的局部变量
     1>d:\demo\yexf\decode\mp3dec.c(2089): warning C4996: 'fopen': This function or variable may be unsafe. Consider using fopen_s instead. To disable deprecation, use _CRT_SECURE_NO_WARNINGS. See online help for details.
                 c:\program files\microsoft visual studio 10.0\vc\include\stdio.h(234) : 参见“fopen”的声明
     1>d:\demo\yexf\decode\mp3dec.c(2164): warning C4013: “htonl”未定义；假设外部返回 int
     1>d:\demo\yexf\decode\mp3dec.c(2224): warning C4142: 类型的良性重定义
     1>d:\demo\yexf\decode\mp3dec.c(2235): warning C4142: 类型的良性重定义
         huff.c
     1>d:\demo\yexf\decode\huff.c(37): warning C4101: “w”: 未引用的局部变量
     1>d:\demo\yexf\decode\huff.c(37): warning C4101: “v”: 未引用的局部变量
         fastsb.c
     1>d:\demo\yexf\decode\fastsb.c(57): warning C4244: “=”: 从“double”转换到“mpfloat”，可能丢失数据
     1>d:\demo\yexf\decode\fastsb.c(63): warning C4244: “=”: 从“double”转换到“mpfloat”，可能丢失数据
     1>d:\demo\yexf\decode\fastsb.c(73): warning C4244: “=”: 从“double”转换到“mpfloat”，可能丢失数据
     1>d:\demo\yexf\decode\fastsb.c(79): warning C4244: “=”: 从“double”转换到“mpfloat”，可能丢失数据
         fastimdct.c
     1>d:\demo\yexf\decode\fastimdct.c(54): warning C4101: “v”: 未引用的局部变量
     1>d:\demo\yexf\decode\fastimdct.c(52): warning C4101: “s”: 未引用的局部变量
     1>d:\demo\yexf\decode\fastimdct.c(50): warning C4101: “k”: 未引用的局部变量
     1>d:\demo\yexf\decode\fastimdct.c(50): warning C4101: “l”: 未引用的局部变量
         正在生成代码...
       Link:
         C:\Program Files\Microsoft Visual Studio 10.0\VC\bin\link.exe /ERRORREPORT:PROMPT /OUT:"D:\Demo\yexf\Debug\decode.exe" /NOLOGO kernel32.lib user32.lib gdi32.lib winspool.lib comdlg32.lib advapi32.lib shell32.lib ole32.lib oleaut32.lib uuid.lib odbc32.lib odbccp32.lib /MANIFEST /ManifestFile:"Debug\decode.exe.intermediate.manifest" /MANIFESTUAC:"level='asInvoker' uiAccess='false'" /DEBUG /PDB:"D:\Demo\yexf\Debug\decode.pdb" /TLBID:1 /DYNAMICBASE /NXCOMPAT /IMPLIB:"D:\Demo\yexf\Debug\decode.lib" /MACHINE:X86 Debug\fastimdct.obj
         Debug\fastsb.obj
         Debug\huff.obj
         Debug\mp3dec.obj
     1>mp3dec.obj : error LNK2019: 无法解析的外部符号 _Bitstream_seek_sync，该符号在函数 _Frame_load 中被引用
     1>mp3dec.obj : error LNK2019: 无法解析的外部符号 _windowing_init，该符号在函数 _Granule_init 中被引用
     1>mp3dec.obj : error LNK2019: 无法解析的外部符号 _windowing，该符号在函数 _Granule_subband_synthesis 中被引用
     1>mp3dec.obj : error LNK2001: 无法解析的外部符号 _Granule_sbsynth_V
     1>mp3dec.obj : error LNK2019: 无法解析的外部符号 _htonl，该符号在函数 _Bitstream32_fillbuffer 中被引用
     1>D:\Demo\yexf\Debug\decode.exe : fatal error LNK1120: 5 个无法解析的外部命令
     1>已完成生成项目“D:\Demo\yexf\decode\decode.vcxproj”(build 个目标)的操作 - 失败。

生成失败。

已用时间 00:00:01.09
