..\bin\360Soft.ilk
..\bin\360Soft.pdb
D:\Work\WXFGUI\360Soft\..\bin\360Soft.exe
D:\WORK\WXFGUI\360SOFT\DEBUG\360SAFE.OBJ
D:\WORK\WXFGUI\360SOFT\DEBUG\360SOFT.EXE.INTERMEDIATE.MANIFEST
D:\Work\WXFGUI\360Soft\Debug\cl.command.1.tlog
D:\Work\WXFGUI\360Soft\Debug\CL.read.1.tlog
D:\Work\WXFGUI\360Soft\Debug\CL.write.1.tlog
D:\Work\WXFGUI\360Soft\Debug\link.command.1.tlog
D:\Work\WXFGUI\360Soft\Debug\link.read.1.tlog
D:\Work\WXFGUI\360Soft\Debug\link.write.1.tlog
D:\Work\WXFGUI\360Soft\Debug\mt.command.1.tlog
D:\Work\WXFGUI\360Soft\Debug\mt.read.1.tlog
D:\Work\WXFGUI\360Soft\Debug\mt.write.1.tlog
D:\WORK\WXFGUI\360SOFT\DEBUG\STDAFX.OBJ
D:\Work\WXFGUI\360Soft\Debug\vc100.idb
D:\WORK\WXFGUI\360SOFT\DEBUG\VC100.PDB
D:\WORK\WXFGUI\360SOFT\DEBUG\WXFMAIN.OBJ
D:\WORK\WXFGUI\BIN\360SOFT.EXE
D:\WORK\WXFGUI\BIN\360SOFT.ILK
D:\WORK\WXFGUI\BIN\360SOFT.PDB
