D:\WORK\DUILIB\BIN\DUILIB_UD.DLL
D:\Work\duilib\bin\DuiLib_ud.exp
D:\WORK\DUILIB\BIN\DUILIB_UD.ILK
D:\Work\duilib\bin\DuiLib_ud.lib
D:\WORK\DUILIB\DUILIB\DEBUG_U\DUILIB.PCH
D:\WORK\DUILIB\DUILIB\DEBUG_U\DUILIB_UD.PDB
D:\WORK\DUILIB\DUILIB\DEBUG_U\STB_IMAGE.OBJ
D:\WORK\DUILIB\DUILIB\DEBUG_U\STDAFX.OBJ
D:\WORK\DUILIB\DUILIB\DEBUG_U\UIACTIVEX.OBJ
D:\WORK\DUILIB\DUILIB\DEBUG_U\UIBASE.OBJ
D:\WORK\DUILIB\DUILIB\DEBUG_U\UICOMBO.OBJ
D:\WORK\DUILIB\DUILIB\DEBUG_U\UICOMMONCONTROLS.OBJ
D:\WORK\DUILIB\DUILIB\DEBUG_U\UICONTAINER.OBJ
D:\WORK\DUILIB\DUILIB\DEBUG_U\UICONTROL.OBJ
D:\WORK\DUILIB\DUILIB\DEBUG_U\UIDELEGATE.OBJ
D:\WORK\DUILIB\DUILIB\DEBUG_U\UIDLGBUILDER.OBJ
D:\WORK\DUILIB\DUILIB\DEBUG_U\UILIB.OBJ
D:\WORK\DUILIB\DUILIB\DEBUG_U\UILIST.OBJ
D:\WORK\DUILIB\DUILIB\DEBUG_U\UIMANAGER.OBJ
D:\WORK\DUILIB\DUILIB\DEBUG_U\UIMARKUP.OBJ
D:\WORK\DUILIB\DUILIB\DEBUG_U\UIRENDER.OBJ
D:\WORK\DUILIB\DUILIB\DEBUG_U\UIRICHEDIT.OBJ
D:\WORK\DUILIB\DUILIB\DEBUG_U\VC100.PDB
D:\WORK\DUILIB\DUILIB\DEBUG_U\XUNZIP.OBJ
D:\Work\duilib\DuiLib\UnicodeDebug\cl.command.1.tlog
D:\Work\duilib\DuiLib\UnicodeDebug\CL.read.1.tlog
D:\Work\duilib\DuiLib\UnicodeDebug\CL.write.1.tlog
D:\Work\duilib\DuiLib\UnicodeDebug\DuiLib.write.1.tlog
D:\Work\duilib\DuiLib\UnicodeDebug\link.command.1.tlog
D:\Work\duilib\DuiLib\UnicodeDebug\link.read.1.tlog
D:\Work\duilib\DuiLib\UnicodeDebug\link.write.1.tlog
