生成启动时间为 2013/7/17 16:21:50。
     1>项目“D:\Design\WXF\wxf_comm\wxf_comm.vcxproj”在节点 2 上(rebuild 个目标)。
     1>InitializeBuildStatus:
         正在创建“Debug\wxf_comm.unsuccessfulbuild”，因为已指定“AlwaysCreate”。
       ClCompile:
         C:\Program Files\Microsoft Visual Studio 10.0\VC\bin\CL.exe /c /ZI /nologo /W3 /WX- /Od /Oy- /D WXF_LIB /D _MBCS /Gm /EHsc /RTC1 /MDd /GS /fp:precise /Zc:wchar_t /Zc:forScope /Fo"Debug\\" /Fd"Debug\vc100.pdb" /Gd /TC /analyze- /errorReport:prompt wxf_comm.c
         wxf_comm.c
       Lib:
         C:\Program Files\Microsoft Visual Studio 10.0\VC\bin\Lib.exe /OUT:"..\lib\wxf_comm.lib" /NOLOGO Debug\wxf_comm.obj
         wxf_comm.vcxproj -> D:\Design\WXF\wxf_comm\..\lib\wxf_comm.lib
       PostBuildEvent:
         install.bat
         :VCEnd
         已复制         1 个文件。
         已复制         1 个文件。
       FinalizeBuildStatus:
         正在删除文件“Debug\wxf_comm.unsuccessfulbuild”。
         正在对“Debug\wxf_comm.lastbuildstate”执行 Touch 任务。
     1>已完成生成项目“D:\Design\WXF\wxf_comm\wxf_comm.vcxproj”(rebuild 个目标)的操作。

生成成功。

已用时间 00:00:01.68
